<?xml version="1.0" encoding="UTF-8"?>
<!-- Generated by org.testng.reporters.JUnitXMLReporter -->
<testsuite hostname="IN1WXL-522493" name="TMCSourceUIFunctionality" tests="44" failures="3" timestamp="11 Aug 2018 14:21:21 GMT" time="130.02" errors="0">
  <testcase name="loginTMCSoure" time="1.447" classname="co.testNG.tmcsourceui.TestSourceUIFunctionality$TMCSourceUIFunctionality"/>
  <testcase name="tmcSourceLogin" time="1.32" classname="co.testNG.tmcsourceui.TMCSourceUILogin">
    <failure type="java.lang.AssertionError" message="expected:&amp;lt;true&amp;gt; but was:&amp;lt;false&amp;gt;">
      <![CDATA[java.lang.AssertionError: expected:<true> but was:<false>
	at co.testNG.tmcsourceui.TMCSourceUILogin.tmcSourceLogin(TMCSourceUILogin.java:53)
	at org.apache.maven.surefire.testng.TestNGExecutor.run(TestNGExecutor.java:178)
	at org.apache.maven.surefire.testng.TestNGXmlTestSuite.execute(TestNGXmlTestSuite.java:92)
	at org.apache.maven.surefire.testng.TestNGProvider.invoke(TestNGProvider.java:96)
	at org.apache.maven.surefire.util.ReflectionUtils.invokeMethodWithArray2(ReflectionUtils.java:208)
	at org.apache.maven.surefire.booter.ProviderFactory$ProviderProxy.invoke(ProviderFactory.java:159)
	at org.apache.maven.surefire.booter.ProviderFactory.invokeProvider(ProviderFactory.java:87)
	at org.apache.maven.surefire.booter.ForkedBooter.runSuitesInProcess(ForkedBooter.java:153)
	at org.apache.maven.surefire.booter.ForkedBooter.main(ForkedBooter.java:95)
... Removed 29 stack frames]]>
    </failure>
  </testcase>
  <testcase name="tmcSourceLogin" time="1.231" classname="co.testNG.tmcsourceui.TMCSourceUILogin">
    <failure type="java.lang.AssertionError" message="expected:&amp;lt;true&amp;gt; but was:&amp;lt;false&amp;gt;">
      <![CDATA[java.lang.AssertionError: expected:<true> but was:<false>
	at co.testNG.tmcsourceui.TMCSourceUILogin.tmcSourceLogin(TMCSourceUILogin.java:53)
	at org.apache.maven.surefire.testng.TestNGExecutor.run(TestNGExecutor.java:178)
	at org.apache.maven.surefire.testng.TestNGXmlTestSuite.execute(TestNGXmlTestSuite.java:92)
	at org.apache.maven.surefire.testng.TestNGProvider.invoke(TestNGProvider.java:96)
	at org.apache.maven.surefire.util.ReflectionUtils.invokeMethodWithArray2(ReflectionUtils.java:208)
	at org.apache.maven.surefire.booter.ProviderFactory$ProviderProxy.invoke(ProviderFactory.java:159)
	at org.apache.maven.surefire.booter.ProviderFactory.invokeProvider(ProviderFactory.java:87)
	at org.apache.maven.surefire.booter.ForkedBooter.runSuitesInProcess(ForkedBooter.java:153)
	at org.apache.maven.surefire.booter.ForkedBooter.main(ForkedBooter.java:95)
... Removed 29 stack frames]]>
    </failure>
  </testcase>
  <testcase name="tmcSourceLogin" time="1.466" classname="co.testNG.tmcsourceui.TMCSourceUILogin"/>
  <testcase name="checkCompose255BlankMode" time="3.054" classname="co.testNG.tmcsourceui.TestSourceUIFunctionality$TMCSourceUIFunctionality"/>
  <testcase name="checkCompose255BulkMode" time="3.227" classname="co.testNG.tmcsourceui.TestSourceUIFunctionality$TMCSourceUIFunctionality"/>
  <testcase name="checkCompose255BulkMode" time="3.235" classname="co.testNG.tmcsourceui.TestSourceUIFunctionality$TMCSourceUIFunctionality"/>
  <testcase name="checkCompose255BulkMode" time="3.1" classname="co.testNG.tmcsourceui.TestSourceUIFunctionality$TMCSourceUIFunctionality"/>
  <testcase name="checkCompose255BulkMode" time="3.215" classname="co.testNG.tmcsourceui.TestSourceUIFunctionality$TMCSourceUIFunctionality"/>
  <testcase name="checkCompose255BulkMode" time="3.266" classname="co.testNG.tmcsourceui.TestSourceUIFunctionality$TMCSourceUIFunctionality"/>
  <testcase name="checkCompose255BulkMode" time="3.266" classname="co.testNG.tmcsourceui.TestSourceUIFunctionality$TMCSourceUIFunctionality"/>
  <testcase name="checkCompose255BulkMode" time="3.066" classname="co.testNG.tmcsourceui.TestSourceUIFunctionality$TMCSourceUIFunctionality"/>
  <testcase name="checkCompose255BulkMode" time="3.713" classname="co.testNG.tmcsourceui.TestSourceUIFunctionality$TMCSourceUIFunctionality"/>
  <testcase name="checkCompose255SingleMode" time="3.496" classname="co.testNG.tmcsourceui.TestSourceUIFunctionality$TMCSourceUIFunctionality"/>
  <testcase name="checkCompose255SingleMode" time="3.45" classname="co.testNG.tmcsourceui.TestSourceUIFunctionality$TMCSourceUIFunctionality"/>
  <testcase name="checkCompose255SingleMode" time="3.217" classname="co.testNG.tmcsourceui.TestSourceUIFunctionality$TMCSourceUIFunctionality"/>
  <testcase name="checkCompose255SingleMode" time="3.232" classname="co.testNG.tmcsourceui.TestSourceUIFunctionality$TMCSourceUIFunctionality"/>
  <testcase name="checkCompose255SingleMode" time="3.333" classname="co.testNG.tmcsourceui.TestSourceUIFunctionality$TMCSourceUIFunctionality"/>
  <testcase name="checkCompose255SingleMode" time="3.249" classname="co.testNG.tmcsourceui.TestSourceUIFunctionality$TMCSourceUIFunctionality"/>
  <testcase name="checkCompose255SingleMode" time="3.302" classname="co.testNG.tmcsourceui.TestSourceUIFunctionality$TMCSourceUIFunctionality"/>
  <testcase name="checkCompose255SingleMode" time="3.742" classname="co.testNG.tmcsourceui.TestSourceUIFunctionality$TMCSourceUIFunctionality"/>
  <testcase name="checkCompose255SingleMode" time="3.934" classname="co.testNG.tmcsourceui.TestSourceUIFunctionality$TMCSourceUIFunctionality"/>
  <testcase name="checkCompose255SingleMode" time="3.966" classname="co.testNG.tmcsourceui.TestSourceUIFunctionality$TMCSourceUIFunctionality"/>
  <testcase name="checkCompose255SingleMode" time="3.799" classname="co.testNG.tmcsourceui.TestSourceUIFunctionality$TMCSourceUIFunctionality"/>
  <testcase name="checkTagCreation" time="2.062" classname="co.testNG.tmcsourceui.TestSourceUIFunctionality$TMCSourceUIFunctionality"/>
  <testcase name="createTag" time="1.479" classname="co.testNG.tmcsourceui.TestSourceUIFunctionality$TMCSourceUIFunctionality"/>
  <testcase name="createTag" time="1.966" classname="co.testNG.tmcsourceui.TestSourceUIFunctionality$TMCSourceUIFunctionality">
    <failure type="java.lang.AssertionError" message="expected:&amp;lt;Duplicate Entry for given tag version&amp;gt; but was:&amp;lt;Tag Added Successfully&amp;gt;">
      <![CDATA[java.lang.AssertionError: expected:<Duplicate Entry for given tag version> but was:<Tag Added Successfully>
	at co.testNG.tmcsourceui.TestSourceUIFunctionality$TMCSourceUIFunctionality.createTag(TestSourceUIFunctionality.java:232)
	at org.apache.maven.surefire.testng.TestNGExecutor.run(TestNGExecutor.java:178)
	at org.apache.maven.surefire.testng.TestNGXmlTestSuite.execute(TestNGXmlTestSuite.java:92)
	at org.apache.maven.surefire.testng.TestNGProvider.invoke(TestNGProvider.java:96)
	at org.apache.maven.surefire.util.ReflectionUtils.invokeMethodWithArray2(ReflectionUtils.java:208)
	at org.apache.maven.surefire.booter.ProviderFactory$ProviderProxy.invoke(ProviderFactory.java:159)
	at org.apache.maven.surefire.booter.ProviderFactory.invokeProvider(ProviderFactory.java:87)
	at org.apache.maven.surefire.booter.ForkedBooter.runSuitesInProcess(ForkedBooter.java:153)
	at org.apache.maven.surefire.booter.ForkedBooter.main(ForkedBooter.java:95)
... Removed 30 stack frames]]>
    </failure>
  </testcase>
  <testcase name="createTag" time="2.032" classname="co.testNG.tmcsourceui.TestSourceUIFunctionality$TMCSourceUIFunctionality"/>
  <testcase name="hideFlagStatusCheck" time="1.894" classname="co.testNG.tmcsourceui.TestSourceUIFunctionality$TMCSourceUIFunctionality"/>
  <testcase name="hideFlagStatusCheck" time="1.761" classname="co.testNG.tmcsourceui.TestSourceUIFunctionality$TMCSourceUIFunctionality"/>
  <testcase name="hideFlagStatusCheck" time="1.695" classname="co.testNG.tmcsourceui.TestSourceUIFunctionality$TMCSourceUIFunctionality"/>
  <testcase name="projectStatusCheck" time="1.851" classname="co.testNG.tmcsourceui.TestSourceUIFunctionality$TMCSourceUIFunctionality"/>
  <testcase name="projectStatusCheck" time="1.749" classname="co.testNG.tmcsourceui.TestSourceUIFunctionality$TMCSourceUIFunctionality"/>
  <testcase name="projectStatusCheck" time="1.901" classname="co.testNG.tmcsourceui.TestSourceUIFunctionality$TMCSourceUIFunctionality"/>
  <testcase name="projectStatusCheck" time="1.81" classname="co.testNG.tmcsourceui.TestSourceUIFunctionality$TMCSourceUIFunctionality"/>
  <testcase name="projectStatusCheck" time="1.996" classname="co.testNG.tmcsourceui.TestSourceUIFunctionality$TMCSourceUIFunctionality"/>
  <testcase name="projectStatusCheck" time="1.888" classname="co.testNG.tmcsourceui.TestSourceUIFunctionality$TMCSourceUIFunctionality"/>
  <testcase name="projectStatusCheck" time="1.81" classname="co.testNG.tmcsourceui.TestSourceUIFunctionality$TMCSourceUIFunctionality"/>
  <testcase name="recommendedFlagCheck" time="1.66" classname="co.testNG.tmcsourceui.TestSourceUIFunctionality$TMCSourceUIFunctionality"/>
  <testcase name="sourceStatusCheck" time="1.788" classname="co.testNG.tmcsourceui.TestSourceUIFunctionality$TMCSourceUIFunctionality"/>
  <testcase name="sourceStatusCheck" time="1.77" classname="co.testNG.tmcsourceui.TestSourceUIFunctionality$TMCSourceUIFunctionality"/>
  <testcase name="sourceStatusCheck" time="1.853" classname="co.testNG.tmcsourceui.TestSourceUIFunctionality$TMCSourceUIFunctionality"/>
  <testcase name="sourceStatusCheck" time="1.777" classname="co.testNG.tmcsourceui.TestSourceUIFunctionality$TMCSourceUIFunctionality"/>
  <testcase name="uploadTMCSourceFile" time="10.071" classname="co.testNG.tmcsourceui.TestSourceUIFunctionality$TMCSourceUIFunctionality"/>
</testsuite>
