<?xml version="1.0" encoding="UTF-8"?>
<!-- Generated by org.testng.reporters.JUnitXMLReporter -->
<testsuite hostname="IN1W7L-507188" name="TMCSourceUIFunctionality" tests="44" failures="4" timestamp="18 Jul 2018 06:54:03 GMT" time="192.899" errors="0">
  <testcase name="loginTMCSoure" time="2.771" classname="co.testNG.tmcsourceui.TestSourceUIFunctionality$TMCSourceUIFunctionality"/>
  <testcase name="tmcSourceLogin" time="3.173" classname="co.testNG.tmcsourceui.TMCSourceUILogin">
    <failure type="java.lang.AssertionError" message="expected:&amp;lt;true&amp;gt; but was:&amp;lt;false&amp;gt;">
      <![CDATA[java.lang.AssertionError: expected:<true> but was:<false>
	at co.testNG.tmcsourceui.TMCSourceUILogin.tmcSourceLogin(TMCSourceUILogin.java:53)
	at org.apache.maven.surefire.testng.TestNGExecutor.run(TestNGExecutor.java:178)
	at org.apache.maven.surefire.testng.TestNGXmlTestSuite.execute(TestNGXmlTestSuite.java:92)
	at org.apache.maven.surefire.testng.TestNGProvider.invoke(TestNGProvider.java:96)
	at org.apache.maven.surefire.util.ReflectionUtils.invokeMethodWithArray2(ReflectionUtils.java:208)
	at org.apache.maven.surefire.booter.ProviderFactory$ProviderProxy.invoke(ProviderFactory.java:159)
	at org.apache.maven.surefire.booter.ProviderFactory.invokeProvider(ProviderFactory.java:87)
	at org.apache.maven.surefire.booter.ForkedBooter.runSuitesInProcess(ForkedBooter.java:153)
	at org.apache.maven.surefire.booter.ForkedBooter.main(ForkedBooter.java:95)
... Removed 29 stack frames]]>
    </failure>
  </testcase>
  <testcase name="tmcSourceLogin" time="1.577" classname="co.testNG.tmcsourceui.TMCSourceUILogin">
    <failure type="java.lang.AssertionError" message="expected:&amp;lt;true&amp;gt; but was:&amp;lt;false&amp;gt;">
      <![CDATA[java.lang.AssertionError: expected:<true> but was:<false>
	at co.testNG.tmcsourceui.TMCSourceUILogin.tmcSourceLogin(TMCSourceUILogin.java:53)
	at org.apache.maven.surefire.testng.TestNGExecutor.run(TestNGExecutor.java:178)
	at org.apache.maven.surefire.testng.TestNGXmlTestSuite.execute(TestNGXmlTestSuite.java:92)
	at org.apache.maven.surefire.testng.TestNGProvider.invoke(TestNGProvider.java:96)
	at org.apache.maven.surefire.util.ReflectionUtils.invokeMethodWithArray2(ReflectionUtils.java:208)
	at org.apache.maven.surefire.booter.ProviderFactory$ProviderProxy.invoke(ProviderFactory.java:159)
	at org.apache.maven.surefire.booter.ProviderFactory.invokeProvider(ProviderFactory.java:87)
	at org.apache.maven.surefire.booter.ForkedBooter.runSuitesInProcess(ForkedBooter.java:153)
	at org.apache.maven.surefire.booter.ForkedBooter.main(ForkedBooter.java:95)
... Removed 29 stack frames]]>
    </failure>
  </testcase>
  <testcase name="tmcSourceLogin" time="4.012" classname="co.testNG.tmcsourceui.TMCSourceUILogin"/>
  <testcase name="checkCompose255BlankMode" time="7.432" classname="co.testNG.tmcsourceui.TestSourceUIFunctionality$TMCSourceUIFunctionality"/>
  <testcase name="checkCompose255BulkMode" time="3.803" classname="co.testNG.tmcsourceui.TestSourceUIFunctionality$TMCSourceUIFunctionality"/>
  <testcase name="checkCompose255BulkMode" time="3.637" classname="co.testNG.tmcsourceui.TestSourceUIFunctionality$TMCSourceUIFunctionality"/>
  <testcase name="checkCompose255BulkMode" time="3.738" classname="co.testNG.tmcsourceui.TestSourceUIFunctionality$TMCSourceUIFunctionality"/>
  <testcase name="checkCompose255BulkMode" time="3.556" classname="co.testNG.tmcsourceui.TestSourceUIFunctionality$TMCSourceUIFunctionality"/>
  <testcase name="checkCompose255BulkMode" time="3.563" classname="co.testNG.tmcsourceui.TestSourceUIFunctionality$TMCSourceUIFunctionality"/>
  <testcase name="checkCompose255BulkMode" time="3.425" classname="co.testNG.tmcsourceui.TestSourceUIFunctionality$TMCSourceUIFunctionality"/>
  <testcase name="checkCompose255BulkMode" time="3.485" classname="co.testNG.tmcsourceui.TestSourceUIFunctionality$TMCSourceUIFunctionality"/>
  <testcase name="checkCompose255BulkMode" time="5.085" classname="co.testNG.tmcsourceui.TestSourceUIFunctionality$TMCSourceUIFunctionality"/>
  <testcase name="checkCompose255SingleMode" time="4.254" classname="co.testNG.tmcsourceui.TestSourceUIFunctionality$TMCSourceUIFunctionality"/>
  <testcase name="checkCompose255SingleMode" time="3.818" classname="co.testNG.tmcsourceui.TestSourceUIFunctionality$TMCSourceUIFunctionality"/>
  <testcase name="checkCompose255SingleMode" time="3.678" classname="co.testNG.tmcsourceui.TestSourceUIFunctionality$TMCSourceUIFunctionality"/>
  <testcase name="checkCompose255SingleMode" time="3.57" classname="co.testNG.tmcsourceui.TestSourceUIFunctionality$TMCSourceUIFunctionality"/>
  <testcase name="checkCompose255SingleMode" time="3.842" classname="co.testNG.tmcsourceui.TestSourceUIFunctionality$TMCSourceUIFunctionality"/>
  <testcase name="checkCompose255SingleMode" time="3.787" classname="co.testNG.tmcsourceui.TestSourceUIFunctionality$TMCSourceUIFunctionality"/>
  <testcase name="checkCompose255SingleMode" time="3.835" classname="co.testNG.tmcsourceui.TestSourceUIFunctionality$TMCSourceUIFunctionality"/>
  <testcase name="checkCompose255SingleMode" time="4.84" classname="co.testNG.tmcsourceui.TestSourceUIFunctionality$TMCSourceUIFunctionality"/>
  <testcase name="checkCompose255SingleMode" time="4.315" classname="co.testNG.tmcsourceui.TestSourceUIFunctionality$TMCSourceUIFunctionality"/>
  <testcase name="checkCompose255SingleMode" time="4.392" classname="co.testNG.tmcsourceui.TestSourceUIFunctionality$TMCSourceUIFunctionality"/>
  <testcase name="checkCompose255SingleMode" time="4.399" classname="co.testNG.tmcsourceui.TestSourceUIFunctionality$TMCSourceUIFunctionality"/>
  <testcase name="checkTagCreation" time="2.307" classname="co.testNG.tmcsourceui.TestSourceUIFunctionality$TMCSourceUIFunctionality">
    <failure type="java.lang.AssertionError" message="Invalid Tag expected:&amp;lt;false&amp;gt; but was:&amp;lt;true&amp;gt;">
      <![CDATA[java.lang.AssertionError: Invalid Tag expected:<false> but was:<true>
	at co.testNG.tmcsourceui.TestSourceUIFunctionality$TMCSourceUIFunctionality.checkTagCreation(TestSourceUIFunctionality.java:250)
	at org.apache.maven.surefire.testng.TestNGExecutor.run(TestNGExecutor.java:178)
	at org.apache.maven.surefire.testng.TestNGXmlTestSuite.execute(TestNGXmlTestSuite.java:92)
	at org.apache.maven.surefire.testng.TestNGProvider.invoke(TestNGProvider.java:96)
	at org.apache.maven.surefire.util.ReflectionUtils.invokeMethodWithArray2(ReflectionUtils.java:208)
	at org.apache.maven.surefire.booter.ProviderFactory$ProviderProxy.invoke(ProviderFactory.java:159)
	at org.apache.maven.surefire.booter.ProviderFactory.invokeProvider(ProviderFactory.java:87)
	at org.apache.maven.surefire.booter.ForkedBooter.runSuitesInProcess(ForkedBooter.java:153)
	at org.apache.maven.surefire.booter.ForkedBooter.main(ForkedBooter.java:95)
... Removed 28 stack frames]]>
    </failure>
  </testcase>
  <testcase name="createTag" time="1.568" classname="co.testNG.tmcsourceui.TestSourceUIFunctionality$TMCSourceUIFunctionality"/>
  <testcase name="createTag" time="2.037" classname="co.testNG.tmcsourceui.TestSourceUIFunctionality$TMCSourceUIFunctionality"/>
  <testcase name="createTag" time="2.002" classname="co.testNG.tmcsourceui.TestSourceUIFunctionality$TMCSourceUIFunctionality">
    <failure type="java.lang.AssertionError" message="expected:&amp;lt;Tag Added Successfully&amp;gt; but was:&amp;lt;Duplicate Entry for given tag version&amp;gt;">
      <![CDATA[java.lang.AssertionError: expected:<Tag Added Successfully> but was:<Duplicate Entry for given tag version>
	at co.testNG.tmcsourceui.TestSourceUIFunctionality$TMCSourceUIFunctionality.createTag(TestSourceUIFunctionality.java:232)
	at org.apache.maven.surefire.testng.TestNGExecutor.run(TestNGExecutor.java:178)
	at org.apache.maven.surefire.testng.TestNGXmlTestSuite.execute(TestNGXmlTestSuite.java:92)
	at org.apache.maven.surefire.testng.TestNGProvider.invoke(TestNGProvider.java:96)
	at org.apache.maven.surefire.util.ReflectionUtils.invokeMethodWithArray2(ReflectionUtils.java:208)
	at org.apache.maven.surefire.booter.ProviderFactory$ProviderProxy.invoke(ProviderFactory.java:159)
	at org.apache.maven.surefire.booter.ProviderFactory.invokeProvider(ProviderFactory.java:87)
	at org.apache.maven.surefire.booter.ForkedBooter.runSuitesInProcess(ForkedBooter.java:153)
	at org.apache.maven.surefire.booter.ForkedBooter.main(ForkedBooter.java:95)
... Removed 30 stack frames]]>
    </failure>
  </testcase>
  <testcase name="hideFlagStatusCheck" time="2.159" classname="co.testNG.tmcsourceui.TestSourceUIFunctionality$TMCSourceUIFunctionality"/>
  <testcase name="hideFlagStatusCheck" time="1.923" classname="co.testNG.tmcsourceui.TestSourceUIFunctionality$TMCSourceUIFunctionality"/>
  <testcase name="hideFlagStatusCheck" time="1.96" classname="co.testNG.tmcsourceui.TestSourceUIFunctionality$TMCSourceUIFunctionality"/>
  <testcase name="projectStatusCheck" time="2.263" classname="co.testNG.tmcsourceui.TestSourceUIFunctionality$TMCSourceUIFunctionality"/>
  <testcase name="projectStatusCheck" time="2.032" classname="co.testNG.tmcsourceui.TestSourceUIFunctionality$TMCSourceUIFunctionality"/>
  <testcase name="projectStatusCheck" time="2.133" classname="co.testNG.tmcsourceui.TestSourceUIFunctionality$TMCSourceUIFunctionality"/>
  <testcase name="projectStatusCheck" time="1.914" classname="co.testNG.tmcsourceui.TestSourceUIFunctionality$TMCSourceUIFunctionality"/>
  <testcase name="projectStatusCheck" time="2.029" classname="co.testNG.tmcsourceui.TestSourceUIFunctionality$TMCSourceUIFunctionality"/>
  <testcase name="projectStatusCheck" time="1.955" classname="co.testNG.tmcsourceui.TestSourceUIFunctionality$TMCSourceUIFunctionality"/>
  <testcase name="projectStatusCheck" time="1.98" classname="co.testNG.tmcsourceui.TestSourceUIFunctionality$TMCSourceUIFunctionality"/>
  <testcase name="recommendedFlagCheck" time="1.863" classname="co.testNG.tmcsourceui.TestSourceUIFunctionality$TMCSourceUIFunctionality"/>
  <testcase name="sourceStatusCheck" time="2.093" classname="co.testNG.tmcsourceui.TestSourceUIFunctionality$TMCSourceUIFunctionality"/>
  <testcase name="sourceStatusCheck" time="1.958" classname="co.testNG.tmcsourceui.TestSourceUIFunctionality$TMCSourceUIFunctionality"/>
  <testcase name="sourceStatusCheck" time="1.92" classname="co.testNG.tmcsourceui.TestSourceUIFunctionality$TMCSourceUIFunctionality"/>
  <testcase name="sourceStatusCheck" time="1.954" classname="co.testNG.tmcsourceui.TestSourceUIFunctionality$TMCSourceUIFunctionality"/>
  <testcase name="uploadTMCSourceFile" time="13.824" classname="co.testNG.tmcsourceui.TestSourceUIFunctionality$TMCSourceUIFunctionality"/>
</testsuite>
