<?xml version="1.0" encoding="UTF-8"?>
<testng-results skipped="0" failed="3" total="44" passed="41">
  <reporter-output>
  </reporter-output>
  <suite name="TMCSourceUI" duration-ms="130020" started-at="2018-08-11T19:49:11Z" finished-at="2018-08-11T19:51:21Z">
    <groups>
      <group name="editablefields">
        <method signature="TestSourceUIFunctionality$TMCSourceUIFunctionality.hideFlagStatusCheck(java.lang.String)[pri:0, instance:co.testNG.tmcsourceui.TestSourceUIFunctionality$TMCSourceUIFunctionality@90f6bfd]" name="hideFlagStatusCheck" class="co.testNG.tmcsourceui.TestSourceUIFunctionality$TMCSourceUIFunctionality"/>
        <method signature="TestSourceUIFunctionality$TMCSourceUIFunctionality.projectStatusCheck(java.lang.String)[pri:0, instance:co.testNG.tmcsourceui.TestSourceUIFunctionality$TMCSourceUIFunctionality@90f6bfd]" name="projectStatusCheck" class="co.testNG.tmcsourceui.TestSourceUIFunctionality$TMCSourceUIFunctionality"/>
        <method signature="TestSourceUIFunctionality$TMCSourceUIFunctionality.recommendedFlagCheck(java.lang.String, java.lang.String, java.lang.String, java.lang.String)[pri:0, instance:co.testNG.tmcsourceui.TestSourceUIFunctionality$TMCSourceUIFunctionality@90f6bfd]" name="recommendedFlagCheck" class="co.testNG.tmcsourceui.TestSourceUIFunctionality$TMCSourceUIFunctionality"/>
        <method signature="TestSourceUIFunctionality$TMCSourceUIFunctionality.sourceStatusCheck(java.lang.String)[pri:0, instance:co.testNG.tmcsourceui.TestSourceUIFunctionality$TMCSourceUIFunctionality@90f6bfd]" name="sourceStatusCheck" class="co.testNG.tmcsourceui.TestSourceUIFunctionality$TMCSourceUIFunctionality"/>
      </group>
      <group name="createTag">
        <method signature="TestSourceUIFunctionality$TMCSourceUIFunctionality.checkTagCreation(java.lang.String, java.lang.String)[pri:0, instance:co.testNG.tmcsourceui.TestSourceUIFunctionality$TMCSourceUIFunctionality@90f6bfd]" name="checkTagCreation" class="co.testNG.tmcsourceui.TestSourceUIFunctionality$TMCSourceUIFunctionality"/>
        <method signature="TestSourceUIFunctionality$TMCSourceUIFunctionality.createTag(java.lang.String, java.lang.String)[pri:0, instance:co.testNG.tmcsourceui.TestSourceUIFunctionality$TMCSourceUIFunctionality@90f6bfd]" name="createTag" class="co.testNG.tmcsourceui.TestSourceUIFunctionality$TMCSourceUIFunctionality"/>
      </group>
      <group name="compose 255">
        <method signature="TestSourceUIFunctionality$TMCSourceUIFunctionality.checkCompose255BlankMode(java.lang.String, java.lang.String)[pri:0, instance:co.testNG.tmcsourceui.TestSourceUIFunctionality$TMCSourceUIFunctionality@90f6bfd]" name="checkCompose255BlankMode" class="co.testNG.tmcsourceui.TestSourceUIFunctionality$TMCSourceUIFunctionality"/>
        <method signature="TestSourceUIFunctionality$TMCSourceUIFunctionality.checkCompose255BulkMode(java.lang.String, java.lang.String, java.lang.String, java.lang.String, java.lang.String, java.lang.String, java.lang.String, java.lang.String)[pri:0, instance:co.testNG.tmcsourceui.TestSourceUIFunctionality$TMCSourceUIFunctionality@90f6bfd]" name="checkCompose255BulkMode" class="co.testNG.tmcsourceui.TestSourceUIFunctionality$TMCSourceUIFunctionality"/>
        <method signature="TestSourceUIFunctionality$TMCSourceUIFunctionality.checkCompose255SingleMode(java.lang.String, java.lang.String, java.lang.String, java.lang.String, java.lang.String, java.lang.String, java.lang.String, java.lang.String, java.lang.String)[pri:0, instance:co.testNG.tmcsourceui.TestSourceUIFunctionality$TMCSourceUIFunctionality@90f6bfd]" name="checkCompose255SingleMode" class="co.testNG.tmcsourceui.TestSourceUIFunctionality$TMCSourceUIFunctionality"/>
      </group>
      <group name="loginfunctionality">
        <method signature="TestSourceUIFunctionality$TMCSourceUIFunctionality.loginTMCSoure(java.lang.String, java.lang.String)[pri:0, instance:co.testNG.tmcsourceui.TestSourceUIFunctionality$TMCSourceUIFunctionality@90f6bfd]" name="loginTMCSoure" class="co.testNG.tmcsourceui.TestSourceUIFunctionality$TMCSourceUIFunctionality"/>
      </group>
      <group name="login">
        <method signature="TMCSourceUILogin.tmcSourceLogin(java.lang.String, java.lang.String)[pri:0, instance:co.testNG.tmcsourceui.TMCSourceUILogin@4157f54e]" name="tmcSourceLogin" class="co.testNG.tmcsourceui.TMCSourceUILogin"/>
      </group>
      <group name="uploadTMCSource">
        <method signature="TestSourceUIFunctionality$TMCSourceUIFunctionality.uploadTMCSourceFile()[pri:0, instance:co.testNG.tmcsourceui.TestSourceUIFunctionality$TMCSourceUIFunctionality@90f6bfd]" name="uploadTMCSourceFile" class="co.testNG.tmcsourceui.TestSourceUIFunctionality$TMCSourceUIFunctionality"/>
      </group>
    </groups>
    <test name="TMCSourceUIFunctionality" duration-ms="130020" started-at="2018-08-11T19:49:11Z" finished-at="2018-08-11T19:51:21Z">
      <class name="co.testNG.tmcsourceui.TestSourceUIFunctionality$TMCSourceUIFunctionality">
        <test-method status="PASS" signature="functionalityInvokeBrowser()[pri:0, instance:co.testNG.tmcsourceui.TestSourceUIFunctionality$TMCSourceUIFunctionality@90f6bfd]" name="functionalityInvokeBrowser" is-config="true" duration-ms="5064" started-at="2018-08-11T19:49:11Z" finished-at="2018-08-11T19:49:16Z">
        </test-method>
        <test-method status="PASS" signature="loginTMCSoure(java.lang.String, java.lang.String)[pri:0, instance:co.testNG.tmcsourceui.TestSourceUIFunctionality$TMCSourceUIFunctionality@90f6bfd]" name="loginTMCSoure" duration-ms="1447" started-at="2018-08-11T19:49:17Z" finished-at="2018-08-11T19:49:18Z">
          <params>
            <param index="0">
              <value>
                <![CDATA[tmc]]>
              </value>
            </param>
            <param index="1">
              <value>
                <![CDATA[tmc_upload]]>
              </value>
            </param>
          </params>
        </test-method>
        <test-method status="PASS" signature="checkCompose255BlankMode(java.lang.String, java.lang.String)[pri:0, instance:co.testNG.tmcsourceui.TestSourceUIFunctionality$TMCSourceUIFunctionality@90f6bfd]" name="checkCompose255BlankMode" duration-ms="3054" started-at="2018-08-11T19:49:27Z" depends-on-methods="co.testNG.tmcsourceui.TestSourceUIFunctionality$TMCSourceUIFunctionality.loginTMCSoure" finished-at="2018-08-11T19:49:30Z">
          <params>
            <param index="0">
              <value>
                <![CDATA[]]>
              </value>
            </param>
            <param index="1">
              <value>
                <![CDATA[Please choose an appropriate mode of action from the select drop-down]]>
              </value>
            </param>
          </params>
        </test-method>
        <test-method status="PASS" signature="checkCompose255BulkMode(java.lang.String, java.lang.String, java.lang.String, java.lang.String, java.lang.String, java.lang.String, java.lang.String, java.lang.String)[pri:0, instance:co.testNG.tmcsourceui.TestSourceUIFunctionality$TMCSourceUIFunctionality@90f6bfd]" name="checkCompose255BulkMode" duration-ms="3227" started-at="2018-08-11T19:49:30Z" depends-on-methods="co.testNG.tmcsourceui.TestSourceUIFunctionality$TMCSourceUIFunctionality.loginTMCSoure" finished-at="2018-08-11T19:49:34Z">
          <params>
            <param index="0">
              <value>
                <![CDATA[Bulk mode]]>
              </value>
            </param>
            <param index="1">
              <value>
                <![CDATA[]]>
              </value>
            </param>
            <param index="2">
              <value>
                <![CDATA[]]>
              </value>
            </param>
            <param index="3">
              <value>
                <![CDATA[]]>
              </value>
            </param>
            <param index="4">
              <value>
                <![CDATA[]]>
              </value>
            </param>
            <param index="5">
              <value>
                <![CDATA[]]>
              </value>
            </param>
            <param index="6">
              <value>
                <![CDATA[]]>
              </value>
            </param>
            <param index="7">
              <value>
                <![CDATA[Please provide Country Code : Location Table : From Provider : To Provider : From Version : To Version]]>
              </value>
            </param>
          </params>
        </test-method>
        <test-method status="PASS" signature="checkCompose255BulkMode(java.lang.String, java.lang.String, java.lang.String, java.lang.String, java.lang.String, java.lang.String, java.lang.String, java.lang.String)[pri:0, instance:co.testNG.tmcsourceui.TestSourceUIFunctionality$TMCSourceUIFunctionality@90f6bfd]" name="checkCompose255BulkMode" duration-ms="3235" started-at="2018-08-11T19:49:34Z" depends-on-methods="co.testNG.tmcsourceui.TestSourceUIFunctionality$TMCSourceUIFunctionality.loginTMCSoure" finished-at="2018-08-11T19:49:37Z">
          <params>
            <param index="0">
              <value>
                <![CDATA[Bulk mode]]>
              </value>
            </param>
            <param index="1">
              <value>
                <![CDATA[]]>
              </value>
            </param>
            <param index="2">
              <value>
                <![CDATA[1]]>
              </value>
            </param>
            <param index="3">
              <value>
                <![CDATA[TECHNUM]]>
              </value>
            </param>
            <param index="4">
              <value>
                <![CDATA[TECHNUM]]>
              </value>
            </param>
            <param index="5">
              <value>
                <![CDATA[2.9]]>
              </value>
            </param>
            <param index="6">
              <value>
                <![CDATA[2.10]]>
              </value>
            </param>
            <param index="7">
              <value>
                <![CDATA[Please provide Country Code]]>
              </value>
            </param>
          </params>
        </test-method>
        <test-method status="PASS" signature="checkCompose255BulkMode(java.lang.String, java.lang.String, java.lang.String, java.lang.String, java.lang.String, java.lang.String, java.lang.String, java.lang.String)[pri:0, instance:co.testNG.tmcsourceui.TestSourceUIFunctionality$TMCSourceUIFunctionality@90f6bfd]" name="checkCompose255BulkMode" duration-ms="3100" started-at="2018-08-11T19:49:37Z" depends-on-methods="co.testNG.tmcsourceui.TestSourceUIFunctionality$TMCSourceUIFunctionality.loginTMCSoure" finished-at="2018-08-11T19:49:40Z">
          <params>
            <param index="0">
              <value>
                <![CDATA[Bulk mode]]>
              </value>
            </param>
            <param index="1">
              <value>
                <![CDATA[6]]>
              </value>
            </param>
            <param index="2">
              <value>
                <![CDATA[]]>
              </value>
            </param>
            <param index="3">
              <value>
                <![CDATA[TECHNUM]]>
              </value>
            </param>
            <param index="4">
              <value>
                <![CDATA[TECHNUM]]>
              </value>
            </param>
            <param index="5">
              <value>
                <![CDATA[2.9]]>
              </value>
            </param>
            <param index="6">
              <value>
                <![CDATA[2.10]]>
              </value>
            </param>
            <param index="7">
              <value>
                <![CDATA[Please provide  : Location Table]]>
              </value>
            </param>
          </params>
        </test-method>
        <test-method status="PASS" signature="checkCompose255BulkMode(java.lang.String, java.lang.String, java.lang.String, java.lang.String, java.lang.String, java.lang.String, java.lang.String, java.lang.String)[pri:0, instance:co.testNG.tmcsourceui.TestSourceUIFunctionality$TMCSourceUIFunctionality@90f6bfd]" name="checkCompose255BulkMode" duration-ms="3215" started-at="2018-08-11T19:49:40Z" depends-on-methods="co.testNG.tmcsourceui.TestSourceUIFunctionality$TMCSourceUIFunctionality.loginTMCSoure" finished-at="2018-08-11T19:49:43Z">
          <params>
            <param index="0">
              <value>
                <![CDATA[Bulk mode]]>
              </value>
            </param>
            <param index="1">
              <value>
                <![CDATA[6]]>
              </value>
            </param>
            <param index="2">
              <value>
                <![CDATA[1]]>
              </value>
            </param>
            <param index="3">
              <value>
                <![CDATA[]]>
              </value>
            </param>
            <param index="4">
              <value>
                <![CDATA[TECHNUM]]>
              </value>
            </param>
            <param index="5">
              <value>
                <![CDATA[2.9]]>
              </value>
            </param>
            <param index="6">
              <value>
                <![CDATA[2.10]]>
              </value>
            </param>
            <param index="7">
              <value>
                <![CDATA[Please provide  : From Provider]]>
              </value>
            </param>
          </params>
        </test-method>
        <test-method status="PASS" signature="checkCompose255BulkMode(java.lang.String, java.lang.String, java.lang.String, java.lang.String, java.lang.String, java.lang.String, java.lang.String, java.lang.String)[pri:0, instance:co.testNG.tmcsourceui.TestSourceUIFunctionality$TMCSourceUIFunctionality@90f6bfd]" name="checkCompose255BulkMode" duration-ms="3266" started-at="2018-08-11T19:49:43Z" depends-on-methods="co.testNG.tmcsourceui.TestSourceUIFunctionality$TMCSourceUIFunctionality.loginTMCSoure" finished-at="2018-08-11T19:49:46Z">
          <params>
            <param index="0">
              <value>
                <![CDATA[Bulk mode]]>
              </value>
            </param>
            <param index="1">
              <value>
                <![CDATA[6]]>
              </value>
            </param>
            <param index="2">
              <value>
                <![CDATA[1]]>
              </value>
            </param>
            <param index="3">
              <value>
                <![CDATA[TECHNUM]]>
              </value>
            </param>
            <param index="4">
              <value>
                <![CDATA[]]>
              </value>
            </param>
            <param index="5">
              <value>
                <![CDATA[2.9]]>
              </value>
            </param>
            <param index="6">
              <value>
                <![CDATA[2.10]]>
              </value>
            </param>
            <param index="7">
              <value>
                <![CDATA[Please provide  : To Provider]]>
              </value>
            </param>
          </params>
        </test-method>
        <test-method status="PASS" signature="checkCompose255BulkMode(java.lang.String, java.lang.String, java.lang.String, java.lang.String, java.lang.String, java.lang.String, java.lang.String, java.lang.String)[pri:0, instance:co.testNG.tmcsourceui.TestSourceUIFunctionality$TMCSourceUIFunctionality@90f6bfd]" name="checkCompose255BulkMode" duration-ms="3266" started-at="2018-08-11T19:49:46Z" depends-on-methods="co.testNG.tmcsourceui.TestSourceUIFunctionality$TMCSourceUIFunctionality.loginTMCSoure" finished-at="2018-08-11T19:49:50Z">
          <params>
            <param index="0">
              <value>
                <![CDATA[Bulk mode]]>
              </value>
            </param>
            <param index="1">
              <value>
                <![CDATA[6]]>
              </value>
            </param>
            <param index="2">
              <value>
                <![CDATA[1]]>
              </value>
            </param>
            <param index="3">
              <value>
                <![CDATA[TECHNUM]]>
              </value>
            </param>
            <param index="4">
              <value>
                <![CDATA[TECHNUM]]>
              </value>
            </param>
            <param index="5">
              <value>
                <![CDATA[]]>
              </value>
            </param>
            <param index="6">
              <value>
                <![CDATA[2.10]]>
              </value>
            </param>
            <param index="7">
              <value>
                <![CDATA[Please provide  : From Version]]>
              </value>
            </param>
          </params>
        </test-method>
        <test-method status="PASS" signature="checkCompose255BulkMode(java.lang.String, java.lang.String, java.lang.String, java.lang.String, java.lang.String, java.lang.String, java.lang.String, java.lang.String)[pri:0, instance:co.testNG.tmcsourceui.TestSourceUIFunctionality$TMCSourceUIFunctionality@90f6bfd]" name="checkCompose255BulkMode" duration-ms="3066" started-at="2018-08-11T19:49:50Z" depends-on-methods="co.testNG.tmcsourceui.TestSourceUIFunctionality$TMCSourceUIFunctionality.loginTMCSoure" finished-at="2018-08-11T19:49:53Z">
          <params>
            <param index="0">
              <value>
                <![CDATA[Bulk mode]]>
              </value>
            </param>
            <param index="1">
              <value>
                <![CDATA[6]]>
              </value>
            </param>
            <param index="2">
              <value>
                <![CDATA[1]]>
              </value>
            </param>
            <param index="3">
              <value>
                <![CDATA[TECHNUM]]>
              </value>
            </param>
            <param index="4">
              <value>
                <![CDATA[TECHNUM]]>
              </value>
            </param>
            <param index="5">
              <value>
                <![CDATA[2.9]]>
              </value>
            </param>
            <param index="6">
              <value>
                <![CDATA[]]>
              </value>
            </param>
            <param index="7">
              <value>
                <![CDATA[Please provide  : To Version]]>
              </value>
            </param>
          </params>
        </test-method>
        <test-method status="PASS" signature="checkCompose255BulkMode(java.lang.String, java.lang.String, java.lang.String, java.lang.String, java.lang.String, java.lang.String, java.lang.String, java.lang.String)[pri:0, instance:co.testNG.tmcsourceui.TestSourceUIFunctionality$TMCSourceUIFunctionality@90f6bfd]" name="checkCompose255BulkMode" duration-ms="3713" started-at="2018-08-11T19:49:53Z" depends-on-methods="co.testNG.tmcsourceui.TestSourceUIFunctionality$TMCSourceUIFunctionality.loginTMCSoure" finished-at="2018-08-11T19:49:57Z">
          <params>
            <param index="0">
              <value>
                <![CDATA[Bulk mode]]>
              </value>
            </param>
            <param index="1">
              <value>
                <![CDATA[6]]>
              </value>
            </param>
            <param index="2">
              <value>
                <![CDATA[1]]>
              </value>
            </param>
            <param index="3">
              <value>
                <![CDATA[TECHNUM]]>
              </value>
            </param>
            <param index="4">
              <value>
                <![CDATA[TECHNUM]]>
              </value>
            </param>
            <param index="5">
              <value>
                <![CDATA[2.9]]>
              </value>
            </param>
            <param index="6">
              <value>
                <![CDATA[2.10]]>
              </value>
            </param>
            <param index="7">
              <value>
                <![CDATA[Done!]]>
              </value>
            </param>
          </params>
        </test-method>
        <test-method status="PASS" signature="checkCompose255SingleMode(java.lang.String, java.lang.String, java.lang.String, java.lang.String, java.lang.String, java.lang.String, java.lang.String, java.lang.String, java.lang.String)[pri:0, instance:co.testNG.tmcsourceui.TestSourceUIFunctionality$TMCSourceUIFunctionality@90f6bfd]" name="checkCompose255SingleMode" duration-ms="3496" started-at="2018-08-11T19:49:57Z" depends-on-methods="co.testNG.tmcsourceui.TestSourceUIFunctionality$TMCSourceUIFunctionality.loginTMCSoure" finished-at="2018-08-11T19:50:00Z">
          <params>
            <param index="0">
              <value>
                <![CDATA[Single location mode]]>
              </value>
            </param>
            <param index="1">
              <value>
                <![CDATA[]]>
              </value>
            </param>
            <param index="2">
              <value>
                <![CDATA[]]>
              </value>
            </param>
            <param index="3">
              <value>
                <![CDATA[]]>
              </value>
            </param>
            <param index="4">
              <value>
                <![CDATA[]]>
              </value>
            </param>
            <param index="5">
              <value>
                <![CDATA[]]>
              </value>
            </param>
            <param index="6">
              <value>
                <![CDATA[]]>
              </value>
            </param>
            <param index="7">
              <value>
                <![CDATA[]]>
              </value>
            </param>
            <param index="8">
              <value>
                <![CDATA[Please provide Country Code : Location Table : Provider : Version : Location code : Comment]]>
              </value>
            </param>
          </params>
        </test-method>
        <test-method status="PASS" signature="checkCompose255SingleMode(java.lang.String, java.lang.String, java.lang.String, java.lang.String, java.lang.String, java.lang.String, java.lang.String, java.lang.String, java.lang.String)[pri:0, instance:co.testNG.tmcsourceui.TestSourceUIFunctionality$TMCSourceUIFunctionality@90f6bfd]" name="checkCompose255SingleMode" duration-ms="3450" started-at="2018-08-11T19:50:00Z" depends-on-methods="co.testNG.tmcsourceui.TestSourceUIFunctionality$TMCSourceUIFunctionality.loginTMCSoure" finished-at="2018-08-11T19:50:04Z">
          <params>
            <param index="0">
              <value>
                <![CDATA[Single location mode]]>
              </value>
            </param>
            <param index="1">
              <value>
                <![CDATA[]]>
              </value>
            </param>
            <param index="2">
              <value>
                <![CDATA[1]]>
              </value>
            </param>
            <param index="3">
              <value>
                <![CDATA[TECHNUM]]>
              </value>
            </param>
            <param index="4">
              <value>
                <![CDATA[2.10]]>
              </value>
            </param>
            <param index="5">
              <value>
                <![CDATA[7400]]>
              </value>
            </param>
            <param index="6">
              <value>
                <![CDATA[0]]>
              </value>
            </param>
            <param index="7">
              <value>
                <![CDATA[edit]]>
              </value>
            </param>
            <param index="8">
              <value>
                <![CDATA[Please provide Country Code]]>
              </value>
            </param>
          </params>
        </test-method>
        <test-method status="PASS" signature="checkCompose255SingleMode(java.lang.String, java.lang.String, java.lang.String, java.lang.String, java.lang.String, java.lang.String, java.lang.String, java.lang.String, java.lang.String)[pri:0, instance:co.testNG.tmcsourceui.TestSourceUIFunctionality$TMCSourceUIFunctionality@90f6bfd]" name="checkCompose255SingleMode" duration-ms="3217" started-at="2018-08-11T19:50:04Z" depends-on-methods="co.testNG.tmcsourceui.TestSourceUIFunctionality$TMCSourceUIFunctionality.loginTMCSoure" finished-at="2018-08-11T19:50:07Z">
          <params>
            <param index="0">
              <value>
                <![CDATA[Single location mode]]>
              </value>
            </param>
            <param index="1">
              <value>
                <![CDATA[6]]>
              </value>
            </param>
            <param index="2">
              <value>
                <![CDATA[]]>
              </value>
            </param>
            <param index="3">
              <value>
                <![CDATA[TECHNUM]]>
              </value>
            </param>
            <param index="4">
              <value>
                <![CDATA[2.10]]>
              </value>
            </param>
            <param index="5">
              <value>
                <![CDATA[7400]]>
              </value>
            </param>
            <param index="6">
              <value>
                <![CDATA[0]]>
              </value>
            </param>
            <param index="7">
              <value>
                <![CDATA[edit]]>
              </value>
            </param>
            <param index="8">
              <value>
                <![CDATA[Please provide  : Location Table]]>
              </value>
            </param>
          </params>
        </test-method>
        <test-method status="PASS" signature="checkCompose255SingleMode(java.lang.String, java.lang.String, java.lang.String, java.lang.String, java.lang.String, java.lang.String, java.lang.String, java.lang.String, java.lang.String)[pri:0, instance:co.testNG.tmcsourceui.TestSourceUIFunctionality$TMCSourceUIFunctionality@90f6bfd]" name="checkCompose255SingleMode" duration-ms="3232" started-at="2018-08-11T19:50:07Z" depends-on-methods="co.testNG.tmcsourceui.TestSourceUIFunctionality$TMCSourceUIFunctionality.loginTMCSoure" finished-at="2018-08-11T19:50:10Z">
          <params>
            <param index="0">
              <value>
                <![CDATA[Single location mode]]>
              </value>
            </param>
            <param index="1">
              <value>
                <![CDATA[6]]>
              </value>
            </param>
            <param index="2">
              <value>
                <![CDATA[1]]>
              </value>
            </param>
            <param index="3">
              <value>
                <![CDATA[]]>
              </value>
            </param>
            <param index="4">
              <value>
                <![CDATA[2.10]]>
              </value>
            </param>
            <param index="5">
              <value>
                <![CDATA[7400]]>
              </value>
            </param>
            <param index="6">
              <value>
                <![CDATA[0]]>
              </value>
            </param>
            <param index="7">
              <value>
                <![CDATA[edit]]>
              </value>
            </param>
            <param index="8">
              <value>
                <![CDATA[Please provide  : Provider]]>
              </value>
            </param>
          </params>
        </test-method>
        <test-method status="PASS" signature="checkCompose255SingleMode(java.lang.String, java.lang.String, java.lang.String, java.lang.String, java.lang.String, java.lang.String, java.lang.String, java.lang.String, java.lang.String)[pri:0, instance:co.testNG.tmcsourceui.TestSourceUIFunctionality$TMCSourceUIFunctionality@90f6bfd]" name="checkCompose255SingleMode" duration-ms="3333" started-at="2018-08-11T19:50:10Z" depends-on-methods="co.testNG.tmcsourceui.TestSourceUIFunctionality$TMCSourceUIFunctionality.loginTMCSoure" finished-at="2018-08-11T19:50:13Z">
          <params>
            <param index="0">
              <value>
                <![CDATA[Single location mode]]>
              </value>
            </param>
            <param index="1">
              <value>
                <![CDATA[6]]>
              </value>
            </param>
            <param index="2">
              <value>
                <![CDATA[1]]>
              </value>
            </param>
            <param index="3">
              <value>
                <![CDATA[TECHNUM]]>
              </value>
            </param>
            <param index="4">
              <value>
                <![CDATA[]]>
              </value>
            </param>
            <param index="5">
              <value>
                <![CDATA[7400]]>
              </value>
            </param>
            <param index="6">
              <value>
                <![CDATA[0]]>
              </value>
            </param>
            <param index="7">
              <value>
                <![CDATA[edit]]>
              </value>
            </param>
            <param index="8">
              <value>
                <![CDATA[Please provide  : Version]]>
              </value>
            </param>
          </params>
        </test-method>
        <test-method status="PASS" signature="checkCompose255SingleMode(java.lang.String, java.lang.String, java.lang.String, java.lang.String, java.lang.String, java.lang.String, java.lang.String, java.lang.String, java.lang.String)[pri:0, instance:co.testNG.tmcsourceui.TestSourceUIFunctionality$TMCSourceUIFunctionality@90f6bfd]" name="checkCompose255SingleMode" duration-ms="3249" started-at="2018-08-11T19:50:13Z" depends-on-methods="co.testNG.tmcsourceui.TestSourceUIFunctionality$TMCSourceUIFunctionality.loginTMCSoure" finished-at="2018-08-11T19:50:17Z">
          <params>
            <param index="0">
              <value>
                <![CDATA[Single location mode]]>
              </value>
            </param>
            <param index="1">
              <value>
                <![CDATA[6]]>
              </value>
            </param>
            <param index="2">
              <value>
                <![CDATA[1]]>
              </value>
            </param>
            <param index="3">
              <value>
                <![CDATA[TECHNUM]]>
              </value>
            </param>
            <param index="4">
              <value>
                <![CDATA[2.10]]>
              </value>
            </param>
            <param index="5">
              <value>
                <![CDATA[]]>
              </value>
            </param>
            <param index="6">
              <value>
                <![CDATA[0]]>
              </value>
            </param>
            <param index="7">
              <value>
                <![CDATA[edit]]>
              </value>
            </param>
            <param index="8">
              <value>
                <![CDATA[Please provide  : Location code]]>
              </value>
            </param>
          </params>
        </test-method>
        <test-method status="PASS" signature="checkCompose255SingleMode(java.lang.String, java.lang.String, java.lang.String, java.lang.String, java.lang.String, java.lang.String, java.lang.String, java.lang.String, java.lang.String)[pri:0, instance:co.testNG.tmcsourceui.TestSourceUIFunctionality$TMCSourceUIFunctionality@90f6bfd]" name="checkCompose255SingleMode" duration-ms="3302" started-at="2018-08-11T19:50:17Z" depends-on-methods="co.testNG.tmcsourceui.TestSourceUIFunctionality$TMCSourceUIFunctionality.loginTMCSoure" finished-at="2018-08-11T19:50:20Z">
          <params>
            <param index="0">
              <value>
                <![CDATA[Single location mode]]>
              </value>
            </param>
            <param index="1">
              <value>
                <![CDATA[6]]>
              </value>
            </param>
            <param index="2">
              <value>
                <![CDATA[1]]>
              </value>
            </param>
            <param index="3">
              <value>
                <![CDATA[TECHNUM]]>
              </value>
            </param>
            <param index="4">
              <value>
                <![CDATA[2.10]]>
              </value>
            </param>
            <param index="5">
              <value>
                <![CDATA[7400]]>
              </value>
            </param>
            <param index="6">
              <value>
                <![CDATA[0]]>
              </value>
            </param>
            <param index="7">
              <value>
                <![CDATA[]]>
              </value>
            </param>
            <param index="8">
              <value>
                <![CDATA[Please provide  : Comment]]>
              </value>
            </param>
          </params>
        </test-method>
        <test-method status="PASS" signature="checkCompose255SingleMode(java.lang.String, java.lang.String, java.lang.String, java.lang.String, java.lang.String, java.lang.String, java.lang.String, java.lang.String, java.lang.String)[pri:0, instance:co.testNG.tmcsourceui.TestSourceUIFunctionality$TMCSourceUIFunctionality@90f6bfd]" name="checkCompose255SingleMode" duration-ms="3742" started-at="2018-08-11T19:50:20Z" depends-on-methods="co.testNG.tmcsourceui.TestSourceUIFunctionality$TMCSourceUIFunctionality.loginTMCSoure" finished-at="2018-08-11T19:50:24Z">
          <params>
            <param index="0">
              <value>
                <![CDATA[Single location mode]]>
              </value>
            </param>
            <param index="1">
              <value>
                <![CDATA[6]]>
              </value>
            </param>
            <param index="2">
              <value>
                <![CDATA[1]]>
              </value>
            </param>
            <param index="3">
              <value>
                <![CDATA[TECHNUM]]>
              </value>
            </param>
            <param index="4">
              <value>
                <![CDATA[2.10]]>
              </value>
            </param>
            <param index="5">
              <value>
                <![CDATA[7400]]>
              </value>
            </param>
            <param index="6">
              <value>
                <![CDATA[0]]>
              </value>
            </param>
            <param index="7">
              <value>
                <![CDATA[edit]]>
              </value>
            </param>
            <param index="8">
              <value>
                <![CDATA[Done!]]>
              </value>
            </param>
          </params>
        </test-method>
        <test-method status="PASS" signature="checkCompose255SingleMode(java.lang.String, java.lang.String, java.lang.String, java.lang.String, java.lang.String, java.lang.String, java.lang.String, java.lang.String, java.lang.String)[pri:0, instance:co.testNG.tmcsourceui.TestSourceUIFunctionality$TMCSourceUIFunctionality@90f6bfd]" name="checkCompose255SingleMode" duration-ms="3934" started-at="2018-08-11T19:50:24Z" depends-on-methods="co.testNG.tmcsourceui.TestSourceUIFunctionality$TMCSourceUIFunctionality.loginTMCSoure" finished-at="2018-08-11T19:50:28Z">
          <params>
            <param index="0">
              <value>
                <![CDATA[Single location mode]]>
              </value>
            </param>
            <param index="1">
              <value>
                <![CDATA[6]]>
              </value>
            </param>
            <param index="2">
              <value>
                <![CDATA[1]]>
              </value>
            </param>
            <param index="3">
              <value>
                <![CDATA[TECHNUM]]>
              </value>
            </param>
            <param index="4">
              <value>
                <![CDATA[2.10]]>
              </value>
            </param>
            <param index="5">
              <value>
                <![CDATA[7400]]>
              </value>
            </param>
            <param index="6">
              <value>
                <![CDATA[1]]>
              </value>
            </param>
            <param index="7">
              <value>
                <![CDATA[edit]]>
              </value>
            </param>
            <param index="8">
              <value>
                <![CDATA[Done!]]>
              </value>
            </param>
          </params>
        </test-method>
        <test-method status="PASS" signature="checkCompose255SingleMode(java.lang.String, java.lang.String, java.lang.String, java.lang.String, java.lang.String, java.lang.String, java.lang.String, java.lang.String, java.lang.String)[pri:0, instance:co.testNG.tmcsourceui.TestSourceUIFunctionality$TMCSourceUIFunctionality@90f6bfd]" name="checkCompose255SingleMode" duration-ms="3966" started-at="2018-08-11T19:50:28Z" depends-on-methods="co.testNG.tmcsourceui.TestSourceUIFunctionality$TMCSourceUIFunctionality.loginTMCSoure" finished-at="2018-08-11T19:50:32Z">
          <params>
            <param index="0">
              <value>
                <![CDATA[Single location mode]]>
              </value>
            </param>
            <param index="1">
              <value>
                <![CDATA[6]]>
              </value>
            </param>
            <param index="2">
              <value>
                <![CDATA[1]]>
              </value>
            </param>
            <param index="3">
              <value>
                <![CDATA[TECHNUM]]>
              </value>
            </param>
            <param index="4">
              <value>
                <![CDATA[2.10]]>
              </value>
            </param>
            <param index="5">
              <value>
                <![CDATA[7400]]>
              </value>
            </param>
            <param index="6">
              <value>
                <![CDATA[255]]>
              </value>
            </param>
            <param index="7">
              <value>
                <![CDATA[edit]]>
              </value>
            </param>
            <param index="8">
              <value>
                <![CDATA[Done!]]>
              </value>
            </param>
          </params>
        </test-method>
        <test-method status="PASS" signature="checkCompose255SingleMode(java.lang.String, java.lang.String, java.lang.String, java.lang.String, java.lang.String, java.lang.String, java.lang.String, java.lang.String, java.lang.String)[pri:0, instance:co.testNG.tmcsourceui.TestSourceUIFunctionality$TMCSourceUIFunctionality@90f6bfd]" name="checkCompose255SingleMode" duration-ms="3799" started-at="2018-08-11T19:50:32Z" depends-on-methods="co.testNG.tmcsourceui.TestSourceUIFunctionality$TMCSourceUIFunctionality.loginTMCSoure" finished-at="2018-08-11T19:50:35Z">
          <params>
            <param index="0">
              <value>
                <![CDATA[Single location mode]]>
              </value>
            </param>
            <param index="1">
              <value>
                <![CDATA[6]]>
              </value>
            </param>
            <param index="2">
              <value>
                <![CDATA[1]]>
              </value>
            </param>
            <param index="3">
              <value>
                <![CDATA[TECHNUM]]>
              </value>
            </param>
            <param index="4">
              <value>
                <![CDATA[2.10]]>
              </value>
            </param>
            <param index="5">
              <value>
                <![CDATA[7400]]>
              </value>
            </param>
            <param index="6">
              <value>
                <![CDATA[2]]>
              </value>
            </param>
            <param index="7">
              <value>
                <![CDATA[edit]]>
              </value>
            </param>
            <param index="8">
              <value>
                <![CDATA[Done!]]>
              </value>
            </param>
          </params>
        </test-method>
        <test-method status="PASS" signature="checkTagCreation(java.lang.String, java.lang.String)[pri:0, instance:co.testNG.tmcsourceui.TestSourceUIFunctionality$TMCSourceUIFunctionality@90f6bfd]" name="checkTagCreation" duration-ms="2062" started-at="2018-08-11T19:50:35Z" depends-on-methods="co.testNG.tmcsourceui.TestSourceUIFunctionality$TMCSourceUIFunctionality.loginTMCSoure" finished-at="2018-08-11T19:50:37Z">
          <params>
            <param index="0">
              <value>
                <![CDATA[validTestTag]]>
              </value>
            </param>
            <param index="1">
              <value>
                <![CDATA[Tag Added Successfully]]>
              </value>
            </param>
          </params>
        </test-method>
        <test-method status="PASS" signature="createTag(java.lang.String, java.lang.String)[pri:0, instance:co.testNG.tmcsourceui.TestSourceUIFunctionality$TMCSourceUIFunctionality@90f6bfd]" name="createTag" duration-ms="1479" started-at="2018-08-11T19:50:37Z" depends-on-methods="co.testNG.tmcsourceui.TestSourceUIFunctionality$TMCSourceUIFunctionality.loginTMCSoure" finished-at="2018-08-11T19:50:39Z">
          <params>
            <param index="0">
              <value>
                <![CDATA[]]>
              </value>
            </param>
            <param index="1">
              <value>
                <![CDATA[Tag Version must be filled out!]]>
              </value>
            </param>
          </params>
        </test-method>
        <test-method status="FAIL" signature="createTag(java.lang.String, java.lang.String)[pri:0, instance:co.testNG.tmcsourceui.TestSourceUIFunctionality$TMCSourceUIFunctionality@90f6bfd]" name="createTag" duration-ms="1966" started-at="2018-08-11T19:50:39Z" depends-on-methods="co.testNG.tmcsourceui.TestSourceUIFunctionality$TMCSourceUIFunctionality.loginTMCSoure" finished-at="2018-08-11T19:50:41Z">
          <params>
            <param index="0">
              <value>
                <![CDATA[Test]]>
              </value>
            </param>
            <param index="1">
              <value>
                <![CDATA[Duplicate Entry for given tag version]]>
              </value>
            </param>
          </params>
          <exception class="java.lang.AssertionError">
            <message>
              <![CDATA[expected:<Duplicate Entry for given tag version> but was:<Tag Added Successfully>]]>
            </message>
            <full-stacktrace>
              <![CDATA[java.lang.AssertionError: expected:<Duplicate Entry for given tag version> but was:<Tag Added Successfully>
	at org.testng.Assert.fail(Assert.java:89)
	at org.testng.Assert.failNotEquals(Assert.java:489)
	at org.testng.Assert.assertEquals(Assert.java:118)
	at org.testng.Assert.assertEquals(Assert.java:171)
	at org.testng.Assert.assertEquals(Assert.java:181)
	at co.testNG.tmcsourceui.TestSourceUIFunctionality$TMCSourceUIFunctionality.createTag(TestSourceUIFunctionality.java:232)
	at sun.reflect.NativeMethodAccessorImpl.invoke0(Native Method)
	at sun.reflect.NativeMethodAccessorImpl.invoke(NativeMethodAccessorImpl.java:62)
	at sun.reflect.DelegatingMethodAccessorImpl.invoke(DelegatingMethodAccessorImpl.java:43)
	at java.lang.reflect.Method.invoke(Method.java:498)
	at org.testng.internal.MethodInvocationHelper.invokeMethod(MethodInvocationHelper.java:80)
	at org.testng.internal.Invoker.invokeMethod(Invoker.java:691)
	at org.testng.internal.Invoker.invokeTestMethod(Invoker.java:883)
	at org.testng.internal.Invoker.invokeTestMethods(Invoker.java:1208)
	at org.testng.internal.TestMethodWorker.invokeTestMethods(TestMethodWorker.java:127)
	at org.testng.internal.TestMethodWorker.run(TestMethodWorker.java:111)
	at org.testng.TestRunner.privateRun(TestRunner.java:758)
	at org.testng.TestRunner.run(TestRunner.java:613)
	at org.testng.SuiteRunner.runTest(SuiteRunner.java:334)
	at org.testng.SuiteRunner.runSequentially(SuiteRunner.java:329)
	at org.testng.SuiteRunner.privateRun(SuiteRunner.java:291)
	at org.testng.SuiteRunner.run(SuiteRunner.java:240)
	at org.testng.SuiteRunnerWorker.runSuite(SuiteRunnerWorker.java:53)
	at org.testng.SuiteRunnerWorker.run(SuiteRunnerWorker.java:87)
	at org.testng.TestNG.runSuitesSequentially(TestNG.java:1137)
	at org.testng.TestNG.runSuitesLocally(TestNG.java:1062)
	at org.testng.TestNG.run(TestNG.java:974)
	at org.apache.maven.surefire.testng.TestNGExecutor.run(TestNGExecutor.java:178)
	at org.apache.maven.surefire.testng.TestNGXmlTestSuite.execute(TestNGXmlTestSuite.java:92)
	at org.apache.maven.surefire.testng.TestNGProvider.invoke(TestNGProvider.java:96)
	at sun.reflect.NativeMethodAccessorImpl.invoke0(Native Method)
	at sun.reflect.NativeMethodAccessorImpl.invoke(NativeMethodAccessorImpl.java:62)
	at sun.reflect.DelegatingMethodAccessorImpl.invoke(DelegatingMethodAccessorImpl.java:43)
	at java.lang.reflect.Method.invoke(Method.java:498)
	at org.apache.maven.surefire.util.ReflectionUtils.invokeMethodWithArray2(ReflectionUtils.java:208)
	at org.apache.maven.surefire.booter.ProviderFactory$ProviderProxy.invoke(ProviderFactory.java:159)
	at org.apache.maven.surefire.booter.ProviderFactory.invokeProvider(ProviderFactory.java:87)
	at org.apache.maven.surefire.booter.ForkedBooter.runSuitesInProcess(ForkedBooter.java:153)
	at org.apache.maven.surefire.booter.ForkedBooter.main(ForkedBooter.java:95)
]]>
            </full-stacktrace>
          </exception>
        </test-method>
        <test-method status="PASS" signature="createTag(java.lang.String, java.lang.String)[pri:0, instance:co.testNG.tmcsourceui.TestSourceUIFunctionality$TMCSourceUIFunctionality@90f6bfd]" name="createTag" duration-ms="2032" started-at="2018-08-11T19:50:41Z" depends-on-methods="co.testNG.tmcsourceui.TestSourceUIFunctionality$TMCSourceUIFunctionality.loginTMCSoure" finished-at="2018-08-11T19:50:43Z">
          <params>
            <param index="0">
              <value>
                <![CDATA[TestingTag]]>
              </value>
            </param>
            <param index="1">
              <value>
                <![CDATA[Tag Added Successfully]]>
              </value>
            </param>
          </params>
        </test-method>
        <test-method status="PASS" signature="hideFlagStatusCheck(java.lang.String)[pri:0, instance:co.testNG.tmcsourceui.TestSourceUIFunctionality$TMCSourceUIFunctionality@90f6bfd]" name="hideFlagStatusCheck" duration-ms="1894" started-at="2018-08-11T19:50:43Z" depends-on-methods="co.testNG.tmcsourceui.TestSourceUIFunctionality$TMCSourceUIFunctionality.loginTMCSoure" finished-at="2018-08-11T19:50:45Z">
          <params>
            <param index="0">
              <value>
                <![CDATA[To be delivered]]>
              </value>
            </param>
          </params>
        </test-method>
        <test-method status="PASS" signature="hideFlagStatusCheck(java.lang.String)[pri:0, instance:co.testNG.tmcsourceui.TestSourceUIFunctionality$TMCSourceUIFunctionality@90f6bfd]" name="hideFlagStatusCheck" duration-ms="1761" started-at="2018-08-11T19:50:45Z" depends-on-methods="co.testNG.tmcsourceui.TestSourceUIFunctionality$TMCSourceUIFunctionality.loginTMCSoure" finished-at="2018-08-11T19:50:47Z">
          <params>
            <param index="0">
              <value>
                <![CDATA[Nokia Here]]>
              </value>
            </param>
          </params>
        </test-method>
        <test-method status="PASS" signature="hideFlagStatusCheck(java.lang.String)[pri:0, instance:co.testNG.tmcsourceui.TestSourceUIFunctionality$TMCSourceUIFunctionality@90f6bfd]" name="hideFlagStatusCheck" duration-ms="1695" started-at="2018-08-11T19:50:47Z" depends-on-methods="co.testNG.tmcsourceui.TestSourceUIFunctionality$TMCSourceUIFunctionality.loginTMCSoure" finished-at="2018-08-11T19:50:48Z">
          <params>
            <param index="0">
              <value>
                <![CDATA[Not Delivered]]>
              </value>
            </param>
          </params>
        </test-method>
        <test-method status="PASS" signature="projectStatusCheck(java.lang.String)[pri:0, instance:co.testNG.tmcsourceui.TestSourceUIFunctionality$TMCSourceUIFunctionality@90f6bfd]" name="projectStatusCheck" duration-ms="1851" started-at="2018-08-11T19:50:48Z" depends-on-methods="co.testNG.tmcsourceui.TestSourceUIFunctionality$TMCSourceUIFunctionality.loginTMCSoure" finished-at="2018-08-11T19:50:50Z">
          <params>
            <param index="0">
              <value>
                <![CDATA[New]]>
              </value>
            </param>
          </params>
        </test-method>
        <test-method status="PASS" signature="projectStatusCheck(java.lang.String)[pri:0, instance:co.testNG.tmcsourceui.TestSourceUIFunctionality$TMCSourceUIFunctionality@90f6bfd]" name="projectStatusCheck" duration-ms="1749" started-at="2018-08-11T19:50:50Z" depends-on-methods="co.testNG.tmcsourceui.TestSourceUIFunctionality$TMCSourceUIFunctionality.loginTMCSoure" finished-at="2018-08-11T19:50:52Z">
          <params>
            <param index="0">
              <value>
                <![CDATA[Not implemented]]>
              </value>
            </param>
          </params>
        </test-method>
        <test-method status="PASS" signature="projectStatusCheck(java.lang.String)[pri:0, instance:co.testNG.tmcsourceui.TestSourceUIFunctionality$TMCSourceUIFunctionality@90f6bfd]" name="projectStatusCheck" duration-ms="1901" started-at="2018-08-11T19:50:52Z" depends-on-methods="co.testNG.tmcsourceui.TestSourceUIFunctionality$TMCSourceUIFunctionality.loginTMCSoure" finished-at="2018-08-11T19:50:54Z">
          <params>
            <param index="0">
              <value>
                <![CDATA[Fusion in progress]]>
              </value>
            </param>
          </params>
        </test-method>
        <test-method status="PASS" signature="projectStatusCheck(java.lang.String)[pri:0, instance:co.testNG.tmcsourceui.TestSourceUIFunctionality$TMCSourceUIFunctionality@90f6bfd]" name="projectStatusCheck" duration-ms="1810" started-at="2018-08-11T19:50:54Z" depends-on-methods="co.testNG.tmcsourceui.TestSourceUIFunctionality$TMCSourceUIFunctionality.loginTMCSoure" finished-at="2018-08-11T19:50:56Z">
          <params>
            <param index="0">
              <value>
                <![CDATA[Ongoing]]>
              </value>
            </param>
          </params>
        </test-method>
        <test-method status="PASS" signature="projectStatusCheck(java.lang.String)[pri:0, instance:co.testNG.tmcsourceui.TestSourceUIFunctionality$TMCSourceUIFunctionality@90f6bfd]" name="projectStatusCheck" duration-ms="1996" started-at="2018-08-11T19:50:56Z" depends-on-methods="co.testNG.tmcsourceui.TestSourceUIFunctionality$TMCSourceUIFunctionality.loginTMCSoure" finished-at="2018-08-11T19:50:58Z">
          <params>
            <param index="0">
              <value>
                <![CDATA[Completed]]>
              </value>
            </param>
          </params>
        </test-method>
        <test-method status="PASS" signature="projectStatusCheck(java.lang.String)[pri:0, instance:co.testNG.tmcsourceui.TestSourceUIFunctionality$TMCSourceUIFunctionality@90f6bfd]" name="projectStatusCheck" duration-ms="1888" started-at="2018-08-11T19:50:58Z" depends-on-methods="co.testNG.tmcsourceui.TestSourceUIFunctionality$TMCSourceUIFunctionality.loginTMCSoure" finished-at="2018-08-11T19:51:00Z">
          <params>
            <param index="0">
              <value>
                <![CDATA[To be removed]]>
              </value>
            </param>
          </params>
        </test-method>
        <test-method status="PASS" signature="projectStatusCheck(java.lang.String)[pri:0, instance:co.testNG.tmcsourceui.TestSourceUIFunctionality$TMCSourceUIFunctionality@90f6bfd]" name="projectStatusCheck" duration-ms="1810" started-at="2018-08-11T19:51:00Z" depends-on-methods="co.testNG.tmcsourceui.TestSourceUIFunctionality$TMCSourceUIFunctionality.loginTMCSoure" finished-at="2018-08-11T19:51:01Z">
          <params>
            <param index="0">
              <value>
                <![CDATA[Removal in progress]]>
              </value>
            </param>
          </params>
        </test-method>
        <test-method status="PASS" signature="recommendedFlagCheck(java.lang.String, java.lang.String, java.lang.String, java.lang.String)[pri:0, instance:co.testNG.tmcsourceui.TestSourceUIFunctionality$TMCSourceUIFunctionality@90f6bfd]" name="recommendedFlagCheck" duration-ms="1660" started-at="2018-08-11T19:51:01Z" depends-on-methods="co.testNG.tmcsourceui.TestSourceUIFunctionality$TMCSourceUIFunctionality.loginTMCSoure" finished-at="2018-08-11T19:51:03Z">
          <params>
            <param index="0">
              <value>
                <![CDATA[glyphicon glyphicon-star]]>
              </value>
            </param>
            <param index="1">
              <value>
                <![CDATA[glyphicon glyphicon-star-empty]]>
              </value>
            </param>
            <param index="2">
              <value>
                <![CDATA[glyphicon glyphicon-star-empty]]>
              </value>
            </param>
            <param index="3">
              <value>
                <![CDATA[glyphicon glyphicon-star]]>
              </value>
            </param>
          </params>
        </test-method>
        <test-method status="PASS" signature="sourceStatusCheck(java.lang.String)[pri:0, instance:co.testNG.tmcsourceui.TestSourceUIFunctionality$TMCSourceUIFunctionality@90f6bfd]" name="sourceStatusCheck" duration-ms="1788" started-at="2018-08-11T19:51:03Z" depends-on-methods="co.testNG.tmcsourceui.TestSourceUIFunctionality$TMCSourceUIFunctionality.loginTMCSoure" finished-at="2018-08-11T19:51:05Z">
          <params>
            <param index="0">
              <value>
                <![CDATA[New]]>
              </value>
            </param>
          </params>
        </test-method>
        <test-method status="PASS" signature="sourceStatusCheck(java.lang.String)[pri:0, instance:co.testNG.tmcsourceui.TestSourceUIFunctionality$TMCSourceUIFunctionality@90f6bfd]" name="sourceStatusCheck" duration-ms="1770" started-at="2018-08-11T19:51:05Z" depends-on-methods="co.testNG.tmcsourceui.TestSourceUIFunctionality$TMCSourceUIFunctionality.loginTMCSoure" finished-at="2018-08-11T19:51:07Z">
          <params>
            <param index="0">
              <value>
                <![CDATA[Checked]]>
              </value>
            </param>
          </params>
        </test-method>
        <test-method status="PASS" signature="sourceStatusCheck(java.lang.String)[pri:0, instance:co.testNG.tmcsourceui.TestSourceUIFunctionality$TMCSourceUIFunctionality@90f6bfd]" name="sourceStatusCheck" duration-ms="1853" started-at="2018-08-11T19:51:07Z" depends-on-methods="co.testNG.tmcsourceui.TestSourceUIFunctionality$TMCSourceUIFunctionality.loginTMCSoure" finished-at="2018-08-11T19:51:08Z">
          <params>
            <param index="0">
              <value>
                <![CDATA[Certified]]>
              </value>
            </param>
          </params>
        </test-method>
        <test-method status="PASS" signature="sourceStatusCheck(java.lang.String)[pri:0, instance:co.testNG.tmcsourceui.TestSourceUIFunctionality$TMCSourceUIFunctionality@90f6bfd]" name="sourceStatusCheck" duration-ms="1777" started-at="2018-08-11T19:51:08Z" depends-on-methods="co.testNG.tmcsourceui.TestSourceUIFunctionality$TMCSourceUIFunctionality.loginTMCSoure" finished-at="2018-08-11T19:51:10Z">
          <params>
            <param index="0">
              <value>
                <![CDATA[Rejected]]>
              </value>
            </param>
          </params>
        </test-method>
        <test-method status="PASS" signature="uploadTMCSourceFile()[pri:0, instance:co.testNG.tmcsourceui.TestSourceUIFunctionality$TMCSourceUIFunctionality@90f6bfd]" name="uploadTMCSourceFile" duration-ms="10071" started-at="2018-08-11T19:51:10Z" depends-on-methods="co.testNG.tmcsourceui.TestSourceUIFunctionality$TMCSourceUIFunctionality.loginTMCSoure" finished-at="2018-08-11T19:51:20Z">
        </test-method>
        <test-method status="PASS" signature="functionalityCloseBrowser()[pri:0, instance:co.testNG.tmcsourceui.TestSourceUIFunctionality$TMCSourceUIFunctionality@90f6bfd]" name="functionalityCloseBrowser" is-config="true" duration-ms="669" started-at="2018-08-11T19:51:20Z" finished-at="2018-08-11T19:51:21Z">
        </test-method>
      </class>
      <class name="co.testNG.tmcsourceui.TMCSourceUILogin">
        <test-method status="PASS" signature="invokeBrowser()[pri:0, instance:co.testNG.tmcsourceui.TMCSourceUILogin@4157f54e]" name="invokeBrowser" is-config="true" duration-ms="4265" started-at="2018-08-11T19:49:18Z" finished-at="2018-08-11T19:49:23Z">
        </test-method>
        <test-method status="FAIL" signature="tmcSourceLogin(java.lang.String, java.lang.String)[pri:0, instance:co.testNG.tmcsourceui.TMCSourceUILogin@4157f54e]" name="tmcSourceLogin" duration-ms="1320" started-at="2018-08-11T19:49:23Z" finished-at="2018-08-11T19:49:24Z">
          <params>
            <param index="0">
              <value>
                <![CDATA[tmc]]>
              </value>
            </param>
            <param index="1">
              <value>
                <![CDATA[tmc]]>
              </value>
            </param>
          </params>
          <exception class="java.lang.AssertionError">
            <message>
              <![CDATA[expected:<true> but was:<false>]]>
            </message>
            <full-stacktrace>
              <![CDATA[java.lang.AssertionError: expected:<true> but was:<false>
	at org.testng.Assert.fail(Assert.java:89)
	at org.testng.Assert.failNotEquals(Assert.java:489)
	at org.testng.Assert.assertTrue(Assert.java:37)
	at org.testng.Assert.assertTrue(Assert.java:47)
	at co.testNG.tmcsourceui.TMCSourceUILogin.tmcSourceLogin(TMCSourceUILogin.java:53)
	at sun.reflect.NativeMethodAccessorImpl.invoke0(Native Method)
	at sun.reflect.NativeMethodAccessorImpl.invoke(NativeMethodAccessorImpl.java:62)
	at sun.reflect.DelegatingMethodAccessorImpl.invoke(DelegatingMethodAccessorImpl.java:43)
	at java.lang.reflect.Method.invoke(Method.java:498)
	at org.testng.internal.MethodInvocationHelper.invokeMethod(MethodInvocationHelper.java:80)
	at org.testng.internal.Invoker.invokeMethod(Invoker.java:691)
	at org.testng.internal.Invoker.invokeTestMethod(Invoker.java:883)
	at org.testng.internal.Invoker.invokeTestMethods(Invoker.java:1208)
	at org.testng.internal.TestMethodWorker.invokeTestMethods(TestMethodWorker.java:127)
	at org.testng.internal.TestMethodWorker.run(TestMethodWorker.java:111)
	at org.testng.TestRunner.privateRun(TestRunner.java:758)
	at org.testng.TestRunner.run(TestRunner.java:613)
	at org.testng.SuiteRunner.runTest(SuiteRunner.java:334)
	at org.testng.SuiteRunner.runSequentially(SuiteRunner.java:329)
	at org.testng.SuiteRunner.privateRun(SuiteRunner.java:291)
	at org.testng.SuiteRunner.run(SuiteRunner.java:240)
	at org.testng.SuiteRunnerWorker.runSuite(SuiteRunnerWorker.java:53)
	at org.testng.SuiteRunnerWorker.run(SuiteRunnerWorker.java:87)
	at org.testng.TestNG.runSuitesSequentially(TestNG.java:1137)
	at org.testng.TestNG.runSuitesLocally(TestNG.java:1062)
	at org.testng.TestNG.run(TestNG.java:974)
	at org.apache.maven.surefire.testng.TestNGExecutor.run(TestNGExecutor.java:178)
	at org.apache.maven.surefire.testng.TestNGXmlTestSuite.execute(TestNGXmlTestSuite.java:92)
	at org.apache.maven.surefire.testng.TestNGProvider.invoke(TestNGProvider.java:96)
	at sun.reflect.NativeMethodAccessorImpl.invoke0(Native Method)
	at sun.reflect.NativeMethodAccessorImpl.invoke(NativeMethodAccessorImpl.java:62)
	at sun.reflect.DelegatingMethodAccessorImpl.invoke(DelegatingMethodAccessorImpl.java:43)
	at java.lang.reflect.Method.invoke(Method.java:498)
	at org.apache.maven.surefire.util.ReflectionUtils.invokeMethodWithArray2(ReflectionUtils.java:208)
	at org.apache.maven.surefire.booter.ProviderFactory$ProviderProxy.invoke(ProviderFactory.java:159)
	at org.apache.maven.surefire.booter.ProviderFactory.invokeProvider(ProviderFactory.java:87)
	at org.apache.maven.surefire.booter.ForkedBooter.runSuitesInProcess(ForkedBooter.java:153)
	at org.apache.maven.surefire.booter.ForkedBooter.main(ForkedBooter.java:95)
]]>
            </full-stacktrace>
          </exception>
        </test-method>
        <test-method status="FAIL" signature="tmcSourceLogin(java.lang.String, java.lang.String)[pri:0, instance:co.testNG.tmcsourceui.TMCSourceUILogin@4157f54e]" name="tmcSourceLogin" duration-ms="1231" started-at="2018-08-11T19:49:24Z" finished-at="2018-08-11T19:49:25Z">
          <params>
            <param index="0">
              <value>
                <![CDATA[tm]]>
              </value>
            </param>
            <param index="1">
              <value>
                <![CDATA[tmc_upload]]>
              </value>
            </param>
          </params>
          <exception class="java.lang.AssertionError">
            <message>
              <![CDATA[expected:<true> but was:<false>]]>
            </message>
            <full-stacktrace>
              <![CDATA[java.lang.AssertionError: expected:<true> but was:<false>
	at org.testng.Assert.fail(Assert.java:89)
	at org.testng.Assert.failNotEquals(Assert.java:489)
	at org.testng.Assert.assertTrue(Assert.java:37)
	at org.testng.Assert.assertTrue(Assert.java:47)
	at co.testNG.tmcsourceui.TMCSourceUILogin.tmcSourceLogin(TMCSourceUILogin.java:53)
	at sun.reflect.NativeMethodAccessorImpl.invoke0(Native Method)
	at sun.reflect.NativeMethodAccessorImpl.invoke(NativeMethodAccessorImpl.java:62)
	at sun.reflect.DelegatingMethodAccessorImpl.invoke(DelegatingMethodAccessorImpl.java:43)
	at java.lang.reflect.Method.invoke(Method.java:498)
	at org.testng.internal.MethodInvocationHelper.invokeMethod(MethodInvocationHelper.java:80)
	at org.testng.internal.Invoker.invokeMethod(Invoker.java:691)
	at org.testng.internal.Invoker.invokeTestMethod(Invoker.java:883)
	at org.testng.internal.Invoker.invokeTestMethods(Invoker.java:1208)
	at org.testng.internal.TestMethodWorker.invokeTestMethods(TestMethodWorker.java:127)
	at org.testng.internal.TestMethodWorker.run(TestMethodWorker.java:111)
	at org.testng.TestRunner.privateRun(TestRunner.java:758)
	at org.testng.TestRunner.run(TestRunner.java:613)
	at org.testng.SuiteRunner.runTest(SuiteRunner.java:334)
	at org.testng.SuiteRunner.runSequentially(SuiteRunner.java:329)
	at org.testng.SuiteRunner.privateRun(SuiteRunner.java:291)
	at org.testng.SuiteRunner.run(SuiteRunner.java:240)
	at org.testng.SuiteRunnerWorker.runSuite(SuiteRunnerWorker.java:53)
	at org.testng.SuiteRunnerWorker.run(SuiteRunnerWorker.java:87)
	at org.testng.TestNG.runSuitesSequentially(TestNG.java:1137)
	at org.testng.TestNG.runSuitesLocally(TestNG.java:1062)
	at org.testng.TestNG.run(TestNG.java:974)
	at org.apache.maven.surefire.testng.TestNGExecutor.run(TestNGExecutor.java:178)
	at org.apache.maven.surefire.testng.TestNGXmlTestSuite.execute(TestNGXmlTestSuite.java:92)
	at org.apache.maven.surefire.testng.TestNGProvider.invoke(TestNGProvider.java:96)
	at sun.reflect.NativeMethodAccessorImpl.invoke0(Native Method)
	at sun.reflect.NativeMethodAccessorImpl.invoke(NativeMethodAccessorImpl.java:62)
	at sun.reflect.DelegatingMethodAccessorImpl.invoke(DelegatingMethodAccessorImpl.java:43)
	at java.lang.reflect.Method.invoke(Method.java:498)
	at org.apache.maven.surefire.util.ReflectionUtils.invokeMethodWithArray2(ReflectionUtils.java:208)
	at org.apache.maven.surefire.booter.ProviderFactory$ProviderProxy.invoke(ProviderFactory.java:159)
	at org.apache.maven.surefire.booter.ProviderFactory.invokeProvider(ProviderFactory.java:87)
	at org.apache.maven.surefire.booter.ForkedBooter.runSuitesInProcess(ForkedBooter.java:153)
	at org.apache.maven.surefire.booter.ForkedBooter.main(ForkedBooter.java:95)
]]>
            </full-stacktrace>
          </exception>
        </test-method>
        <test-method status="PASS" signature="tmcSourceLogin(java.lang.String, java.lang.String)[pri:0, instance:co.testNG.tmcsourceui.TMCSourceUILogin@4157f54e]" name="tmcSourceLogin" duration-ms="1466" started-at="2018-08-11T19:49:25Z" finished-at="2018-08-11T19:49:27Z">
          <params>
            <param index="0">
              <value>
                <![CDATA[tmc]]>
              </value>
            </param>
            <param index="1">
              <value>
                <![CDATA[tmc_upload]]>
              </value>
            </param>
          </params>
        </test-method>
        <test-method status="PASS" signature="closeBrowser()[pri:0, instance:co.testNG.tmcsourceui.TMCSourceUILogin@4157f54e]" name="closeBrowser" is-config="true" duration-ms="640" started-at="2018-08-11T19:49:27Z" finished-at="2018-08-11T19:49:27Z">
        </test-method>
      </class>
    </test>
  </suite>
</testng-results>
