<?xml version="1.0" encoding="UTF-8"?>
<testsuite name="TestSuite" time="146.233" tests="44" errors="0" skipped="0" failures="4">
  <properties>
[...]
</properties>
  <testcase name="loginTMCSoure" classname="co.testNG.tmcsourceui.TestSourceUIFunctionality$TMCSourceUIFunctionality" time="2.771"/>
  <testcase name="tmcSourceLogin" classname="co.testNG.tmcsourceui.TMCSourceUILogin" time="3.186">
    <failure message="expected:&lt;true&gt; but was:&lt;false&gt;" type="java.lang.AssertionError"><![CDATA[java.lang.AssertionError: expected:<true> but was:<false>
	at org.testng.Assert.fail(Assert.java:89)
	at org.testng.Assert.failNotEquals(Assert.java:489)
	at org.testng.Assert.assertTrue(Assert.java:37)
	at org.testng.Assert.assertTrue(Assert.java:47)
	at co.testNG.tmcsourceui.TMCSourceUILogin.tmcSourceLogin(TMCSourceUILogin.java:53)
]]></failure>
    <system-err><![CDATA[Jul 18, 2018 12:21:26 PM org.openqa.selenium.remote.DesiredCapabilities chrome
INFO: Using `new ChromeOptions()` is preferred to `DesiredCapabilities.chrome()`
Starting ChromeDriver 2.36.540470 (e522d04694c7ebea4ba8821272dbef4f9b818c91) on port 29716
Only local connections are allowed.
Jul 18, 2018 12:21:27 PM org.openqa.selenium.json.JsonOutput lambda$new$11
WARNING: Attempt to convert JsonElement from GSON. This functionality is deprecated. Diagnostic stacktrace follows
org.openqa.selenium.json.JsonException: Stack trace to determine cause of warning
Build info: version: '3.13.0', revision: '2f0d292', time: '2018-06-25T15:24:21.231Z'
System info: host: 'IN1W7L-507188', ip: '10.198.82.29', os.name: 'Windows 7', os.arch: 'amd64', os.version: '6.1', java.version: '1.8.0_111'
Driver info: driver.version: ChromeDriver
	at org.openqa.selenium.json.JsonOutput.lambda$new$11(JsonOutput.java:129)
	at org.openqa.selenium.json.JsonOutput$SafeBiConsumer.accept(JsonOutput.java:394)
	at org.openqa.selenium.json.JsonOutput.write(JsonOutput.java:248)
	at org.openqa.selenium.json.JsonOutput.convertUsingMethod(JsonOutput.java:300)
	at org.openqa.selenium.json.JsonOutput.lambda$new$13(JsonOutput.java:139)
	at org.openqa.selenium.json.JsonOutput$SafeBiConsumer.accept(JsonOutput.java:394)
	at org.openqa.selenium.json.JsonOutput.write(JsonOutput.java:248)
	at org.openqa.selenium.json.JsonOutput.lambda$null$20(JsonOutput.java:161)
	at java.util.TreeMap.forEach(TreeMap.java:1005)
	at java.util.Collections$UnmodifiableMap.forEach(Collections.java:1505)
	at org.openqa.selenium.json.JsonOutput.lambda$new$21(JsonOutput.java:160)
	at org.openqa.selenium.json.JsonOutput$SafeBiConsumer.accept(JsonOutput.java:394)
	at org.openqa.selenium.json.JsonOutput.write(JsonOutput.java:248)
	at org.openqa.selenium.json.JsonOutput.lambda$null$20(JsonOutput.java:161)
	at com.google.common.collect.SingletonImmutableBiMap.forEach(SingletonImmutableBiMap.java:65)
	at org.openqa.selenium.json.JsonOutput.lambda$new$21(JsonOutput.java:160)
	at org.openqa.selenium.json.JsonOutput$SafeBiConsumer.accept(JsonOutput.java:394)
	at org.openqa.selenium.json.JsonOutput.write(JsonOutput.java:248)
	at org.openqa.selenium.json.JsonOutput.write(JsonOutput.java:239)
	at org.openqa.selenium.json.Json.toJson(Json.java:42)
	at org.openqa.selenium.remote.NewSessionPayload.create(NewSessionPayload.java:99)
	at org.openqa.selenium.remote.NewSessionPayload.create(NewSessionPayload.java:93)
	at org.openqa.selenium.remote.ProtocolHandshake.createSession(ProtocolHandshake.java:67)
	at org.openqa.selenium.remote.HttpCommandExecutor.execute(HttpCommandExecutor.java:136)
	at org.openqa.selenium.remote.service.DriverCommandExecutor.execute(DriverCommandExecutor.java:83)
	at org.openqa.selenium.remote.RemoteWebDriver.execute(RemoteWebDriver.java:548)
	at org.openqa.selenium.remote.RemoteWebDriver.startSession(RemoteWebDriver.java:212)
	at org.openqa.selenium.remote.RemoteWebDriver.<init>(RemoteWebDriver.java:130)
	at org.openqa.selenium.chrome.ChromeDriver.<init>(ChromeDriver.java:170)
	at org.openqa.selenium.chrome.ChromeDriver.<init>(ChromeDriver.java:159)
	at org.openqa.selenium.chrome.ChromeDriver.<init>(ChromeDriver.java:116)
	at co.testNG.tmcsourceui.TMCSourceUILogin.invokeBrowser(TMCSourceUILogin.java:24)
	at sun.reflect.NativeMethodAccessorImpl.invoke0(Native Method)
	at sun.reflect.NativeMethodAccessorImpl.invoke(NativeMethodAccessorImpl.java:62)
	at sun.reflect.DelegatingMethodAccessorImpl.invoke(DelegatingMethodAccessorImpl.java:43)
	at java.lang.reflect.Method.invoke(Method.java:498)
	at org.testng.internal.MethodInvocationHelper.invokeMethod(MethodInvocationHelper.java:80)
	at org.testng.internal.Invoker.invokeConfigurationMethod(Invoker.java:543)
	at org.testng.internal.Invoker.invokeConfigurations(Invoker.java:212)
	at org.testng.internal.Invoker.invokeConfigurations(Invoker.java:138)
	at org.testng.internal.TestMethodWorker.invokeBeforeClassMethods(TestMethodWorker.java:175)
	at org.testng.internal.TestMethodWorker.run(TestMethodWorker.java:107)
	at org.testng.TestRunner.privateRun(TestRunner.java:758)
	at org.testng.TestRunner.run(TestRunner.java:613)
	at org.testng.SuiteRunner.runTest(SuiteRunner.java:334)
	at org.testng.SuiteRunner.runSequentially(SuiteRunner.java:329)
	at org.testng.SuiteRunner.privateRun(SuiteRunner.java:291)
	at org.testng.SuiteRunner.run(SuiteRunner.java:240)
	at org.testng.SuiteRunnerWorker.runSuite(SuiteRunnerWorker.java:53)
	at org.testng.SuiteRunnerWorker.run(SuiteRunnerWorker.java:87)
	at org.testng.TestNG.runSuitesSequentially(TestNG.java:1137)
	at org.testng.TestNG.runSuitesLocally(TestNG.java:1062)
	at org.testng.TestNG.run(TestNG.java:974)
	at org.apache.maven.surefire.testng.TestNGExecutor.run(TestNGExecutor.java:178)
	at org.apache.maven.surefire.testng.TestNGXmlTestSuite.execute(TestNGXmlTestSuite.java:92)
	at org.apache.maven.surefire.testng.TestNGProvider.invoke(TestNGProvider.java:96)
	at sun.reflect.NativeMethodAccessorImpl.invoke0(Native Method)
	at sun.reflect.NativeMethodAccessorImpl.invoke(NativeMethodAccessorImpl.java:62)
	at sun.reflect.DelegatingMethodAccessorImpl.invoke(DelegatingMethodAccessorImpl.java:43)
	at java.lang.reflect.Method.invoke(Method.java:498)
	at org.apache.maven.surefire.util.ReflectionUtils.invokeMethodWithArray2(ReflectionUtils.java:208)
	at org.apache.maven.surefire.booter.ProviderFactory$ProviderProxy.invoke(ProviderFactory.java:159)
	at org.apache.maven.surefire.booter.ProviderFactory.invokeProvider(ProviderFactory.java:87)
	at org.apache.maven.surefire.booter.ForkedBooter.runSuitesInProcess(ForkedBooter.java:153)
	at org.apache.maven.surefire.booter.ForkedBooter.main(ForkedBooter.java:95)

Jul 18, 2018 12:21:31 PM org.openqa.selenium.remote.ProtocolHandshake createSession
INFO: Detected dialect: OSS
]]></system-err>
  </testcase>
  <testcase name="tmcSourceLogin" classname="co.testNG.tmcsourceui.TMCSourceUILogin" time="1.574">
    <failure message="expected:&lt;true&gt; but was:&lt;false&gt;" type="java.lang.AssertionError"><![CDATA[java.lang.AssertionError: expected:<true> but was:<false>
	at org.testng.Assert.fail(Assert.java:89)
	at org.testng.Assert.failNotEquals(Assert.java:489)
	at org.testng.Assert.assertTrue(Assert.java:37)
	at org.testng.Assert.assertTrue(Assert.java:47)
	at co.testNG.tmcsourceui.TMCSourceUILogin.tmcSourceLogin(TMCSourceUILogin.java:53)
]]></failure>
  </testcase>
  <testcase name="tmcSourceLogin" classname="co.testNG.tmcsourceui.TMCSourceUILogin" time="4.014"/>
  <testcase name="checkCompose255BlankMode" classname="co.testNG.tmcsourceui.TestSourceUIFunctionality$TMCSourceUIFunctionality" time="7.467"/>
  <testcase name="checkCompose255BulkMode" classname="co.testNG.tmcsourceui.TestSourceUIFunctionality$TMCSourceUIFunctionality" time="3.803"/>
  <testcase name="checkCompose255BulkMode" classname="co.testNG.tmcsourceui.TestSourceUIFunctionality$TMCSourceUIFunctionality" time="3.637"/>
  <testcase name="checkCompose255BulkMode" classname="co.testNG.tmcsourceui.TestSourceUIFunctionality$TMCSourceUIFunctionality" time="3.739"/>
  <testcase name="checkCompose255BulkMode" classname="co.testNG.tmcsourceui.TestSourceUIFunctionality$TMCSourceUIFunctionality" time="3.556"/>
  <testcase name="checkCompose255BulkMode" classname="co.testNG.tmcsourceui.TestSourceUIFunctionality$TMCSourceUIFunctionality" time="3.565"/>
  <testcase name="checkCompose255BulkMode" classname="co.testNG.tmcsourceui.TestSourceUIFunctionality$TMCSourceUIFunctionality" time="3.423"/>
  <testcase name="checkCompose255BulkMode" classname="co.testNG.tmcsourceui.TestSourceUIFunctionality$TMCSourceUIFunctionality" time="3.485"/>
  <testcase name="checkCompose255BulkMode" classname="co.testNG.tmcsourceui.TestSourceUIFunctionality$TMCSourceUIFunctionality" time="5.085"/>
  <testcase name="checkCompose255SingleMode" classname="co.testNG.tmcsourceui.TestSourceUIFunctionality$TMCSourceUIFunctionality" time="4.24"/>
  <testcase name="checkCompose255SingleMode" classname="co.testNG.tmcsourceui.TestSourceUIFunctionality$TMCSourceUIFunctionality" time="3.818"/>
  <testcase name="checkCompose255SingleMode" classname="co.testNG.tmcsourceui.TestSourceUIFunctionality$TMCSourceUIFunctionality" time="3.677"/>
  <testcase name="checkCompose255SingleMode" classname="co.testNG.tmcsourceui.TestSourceUIFunctionality$TMCSourceUIFunctionality" time="3.57"/>
  <testcase name="checkCompose255SingleMode" classname="co.testNG.tmcsourceui.TestSourceUIFunctionality$TMCSourceUIFunctionality" time="3.842"/>
  <testcase name="checkCompose255SingleMode" classname="co.testNG.tmcsourceui.TestSourceUIFunctionality$TMCSourceUIFunctionality" time="3.787"/>
  <testcase name="checkCompose255SingleMode" classname="co.testNG.tmcsourceui.TestSourceUIFunctionality$TMCSourceUIFunctionality" time="3.835"/>
  <testcase name="checkCompose255SingleMode" classname="co.testNG.tmcsourceui.TestSourceUIFunctionality$TMCSourceUIFunctionality" time="4.841"/>
  <testcase name="checkCompose255SingleMode" classname="co.testNG.tmcsourceui.TestSourceUIFunctionality$TMCSourceUIFunctionality" time="4.315"/>
  <testcase name="checkCompose255SingleMode" classname="co.testNG.tmcsourceui.TestSourceUIFunctionality$TMCSourceUIFunctionality" time="4.401"/>
  <testcase name="checkCompose255SingleMode" classname="co.testNG.tmcsourceui.TestSourceUIFunctionality$TMCSourceUIFunctionality" time="4.391"/>
  <testcase name="checkTagCreation" classname="co.testNG.tmcsourceui.TestSourceUIFunctionality$TMCSourceUIFunctionality" time="2.291">
    <failure message="Invalid Tag expected:&lt;false&gt; but was:&lt;true&gt;" type="java.lang.AssertionError"><![CDATA[java.lang.AssertionError: Invalid Tag expected:<false> but was:<true>
	at org.testng.Assert.fail(Assert.java:89)
	at org.testng.Assert.failNotEquals(Assert.java:489)
	at org.testng.Assert.assertFalse(Assert.java:58)
	at co.testNG.tmcsourceui.TestSourceUIFunctionality$TMCSourceUIFunctionality.checkTagCreation(TestSourceUIFunctionality.java:250)
]]></failure>
  </testcase>
  <testcase name="createTag" classname="co.testNG.tmcsourceui.TestSourceUIFunctionality$TMCSourceUIFunctionality" time="1.551"/>
  <testcase name="createTag" classname="co.testNG.tmcsourceui.TestSourceUIFunctionality$TMCSourceUIFunctionality" time="2.037"/>
  <testcase name="createTag" classname="co.testNG.tmcsourceui.TestSourceUIFunctionality$TMCSourceUIFunctionality" time="2.016">
    <failure message="expected:&lt;Tag Added Successfully&gt; but was:&lt;Duplicate Entry for given tag version&gt;" type="java.lang.AssertionError"><![CDATA[java.lang.AssertionError: expected:<Tag Added Successfully> but was:<Duplicate Entry for given tag version>
	at org.testng.Assert.fail(Assert.java:89)
	at org.testng.Assert.failNotEquals(Assert.java:489)
	at org.testng.Assert.assertEquals(Assert.java:118)
	at org.testng.Assert.assertEquals(Assert.java:171)
	at org.testng.Assert.assertEquals(Assert.java:181)
	at co.testNG.tmcsourceui.TestSourceUIFunctionality$TMCSourceUIFunctionality.createTag(TestSourceUIFunctionality.java:232)
]]></failure>
  </testcase>
  <testcase name="hideFlagStatusCheck" classname="co.testNG.tmcsourceui.TestSourceUIFunctionality$TMCSourceUIFunctionality" time="2.117"/>
  <testcase name="hideFlagStatusCheck" classname="co.testNG.tmcsourceui.TestSourceUIFunctionality$TMCSourceUIFunctionality" time="1.923"/>
  <testcase name="hideFlagStatusCheck" classname="co.testNG.tmcsourceui.TestSourceUIFunctionality$TMCSourceUIFunctionality" time="1.962"/>
  <testcase name="projectStatusCheck" classname="co.testNG.tmcsourceui.TestSourceUIFunctionality$TMCSourceUIFunctionality" time="2.247"/>
  <testcase name="projectStatusCheck" classname="co.testNG.tmcsourceui.TestSourceUIFunctionality$TMCSourceUIFunctionality" time="2.032"/>
  <testcase name="projectStatusCheck" classname="co.testNG.tmcsourceui.TestSourceUIFunctionality$TMCSourceUIFunctionality" time="2.134"/>
  <testcase name="projectStatusCheck" classname="co.testNG.tmcsourceui.TestSourceUIFunctionality$TMCSourceUIFunctionality" time="1.914"/>
  <testcase name="projectStatusCheck" classname="co.testNG.tmcsourceui.TestSourceUIFunctionality$TMCSourceUIFunctionality" time="2.028"/>
  <testcase name="projectStatusCheck" classname="co.testNG.tmcsourceui.TestSourceUIFunctionality$TMCSourceUIFunctionality" time="1.955"/>
  <testcase name="projectStatusCheck" classname="co.testNG.tmcsourceui.TestSourceUIFunctionality$TMCSourceUIFunctionality" time="1.98"/>
  <testcase name="recommendedFlagCheck" classname="co.testNG.tmcsourceui.TestSourceUIFunctionality$TMCSourceUIFunctionality" time="1.863"/>
  <testcase name="sourceStatusCheck" classname="co.testNG.tmcsourceui.TestSourceUIFunctionality$TMCSourceUIFunctionality" time="2.073"/>
  <testcase name="sourceStatusCheck" classname="co.testNG.tmcsourceui.TestSourceUIFunctionality$TMCSourceUIFunctionality" time="1.957"/>
  <testcase name="sourceStatusCheck" classname="co.testNG.tmcsourceui.TestSourceUIFunctionality$TMCSourceUIFunctionality" time="1.919"/>
  <testcase name="sourceStatusCheck" classname="co.testNG.tmcsourceui.TestSourceUIFunctionality$TMCSourceUIFunctionality" time="1.954"/>
  <testcase name="uploadTMCSourceFile" classname="co.testNG.tmcsourceui.TestSourceUIFunctionality$TMCSourceUIFunctionality" time="14.258"/>
</testsuite>